[ 2024-08-24 17:05:27,888 ] httpx - DEBUG - load_ssl_context verify=True cert=None trust_env=True http2=False
[ 2024-08-24 17:05:27,888 ] httpx - DEBUG - load_verify_locations cafile='D:\\VIVI_AI\\yogo\\Library\\ssl\\cacert.pem'
[ 2024-08-24 17:05:30,629 ] httpx - DEBUG - load_ssl_context verify=True cert=None trust_env=True http2=False
[ 2024-08-24 17:05:30,630 ] httpx - DEBUG - load_verify_locations cafile='D:\\VIVI_AI\\yogo\\Library\\ssl\\cacert.pem'
[ 2024-08-24 17:05:30,870 ] httpx - DEBUG - load_ssl_context verify=True cert=None trust_env=True http2=False
[ 2024-08-24 17:05:30,870 ] httpx - DEBUG - load_verify_locations cafile='D:\\VIVI_AI\\yogo\\Library\\ssl\\cacert.pem'
[ 2024-08-24 17:05:31,300 ] faiss.loader - DEBUG - Environment variable FAISS_OPT_LEVEL is not set, so let's pick the instruction set according to the current CPU
[ 2024-08-24 17:05:31,300 ] faiss.loader - INFO - Loading faiss with AVX2 support.
[ 2024-08-24 17:05:31,396 ] faiss.loader - INFO - Successfully loaded faiss with AVX2 support.
[ 2024-08-24 17:05:31,587 ] matplotlib - DEBUG - matplotlib data path: D:\VIVI_AI\yogo\Lib\site-packages\matplotlib\mpl-data
[ 2024-08-24 17:05:31,595 ] matplotlib - DEBUG - CONFIGDIR=C:\Users\PC\.matplotlib
[ 2024-08-24 17:05:31,597 ] matplotlib - DEBUG - interactive is False
[ 2024-08-24 17:05:31,598 ] matplotlib - DEBUG - platform is win32
[ 2024-08-24 17:05:31,695 ] matplotlib - DEBUG - CACHEDIR=C:\Users\PC\.matplotlib
[ 2024-08-24 17:05:31,702 ] matplotlib.font_manager - DEBUG - Using fontManager instance from C:\Users\PC\.matplotlib\fontlist-v390.json
[ 2024-08-24 17:05:32,832 ] matplotlib.pyplot - DEBUG - Loaded backend Agg version v2.2.
[ 2024-08-24 17:05:32,891 ] werkzeug - INFO - [31m[1mWARNING: This is a development server. Do not use it in a production deployment. Use a production WSGI server instead.[0m
 * Running on all addresses (0.0.0.0)
 * Running on http://127.0.0.1:8080
 * Running on http://192.168.193.237:8080
[ 2024-08-24 17:05:32,891 ] werkzeug - INFO - [33mPress CTRL+C to quit[0m
[ 2024-08-24 17:05:32,893 ] werkzeug - INFO -  * Restarting with stat
[ 2024-08-24 17:08:50,819 ] werkzeug - INFO -  * Restarting with stat
[ 2024-08-24 17:12:52,569 ] werkzeug - INFO -  * Restarting with stat
