[ 2024-08-23 10:04:21,195 ] httpx - DEBUG - load_ssl_context verify=True cert=None trust_env=True http2=False
[ 2024-08-23 10:04:21,197 ] httpx - DEBUG - load_verify_locations cafile='D:\\VIVI_AI\\yogo\\Library\\ssl\\cacert.pem'
[ 2024-08-23 10:04:25,274 ] httpx - DEBUG - load_ssl_context verify=True cert=None trust_env=True http2=False
[ 2024-08-23 10:04:25,274 ] httpx - DEBUG - load_verify_locations cafile='D:\\VIVI_AI\\yogo\\Library\\ssl\\cacert.pem'
[ 2024-08-23 10:04:25,811 ] httpx - DEBUG - load_ssl_context verify=True cert=None trust_env=True http2=False
[ 2024-08-23 10:04:25,811 ] httpx - DEBUG - load_verify_locations cafile='D:\\VIVI_AI\\yogo\\Library\\ssl\\cacert.pem'
[ 2024-08-23 10:04:26,598 ] faiss.loader - DEBUG - Environment variable FAISS_OPT_LEVEL is not set, so let's pick the instruction set according to the current CPU
[ 2024-08-23 10:04:26,598 ] faiss.loader - INFO - Loading faiss with AVX2 support.
[ 2024-08-23 10:04:26,649 ] faiss.loader - INFO - Successfully loaded faiss with AVX2 support.
[ 2024-08-23 10:04:26,916 ] matplotlib - DEBUG - matplotlib data path: D:\VIVI_AI\yogo\Lib\site-packages\matplotlib\mpl-data
[ 2024-08-23 10:04:26,930 ] matplotlib - DEBUG - CONFIGDIR=C:\Users\PC\.matplotlib
[ 2024-08-23 10:04:26,946 ] matplotlib - DEBUG - interactive is False
[ 2024-08-23 10:04:26,946 ] matplotlib - DEBUG - platform is win32
[ 2024-08-23 10:04:27,103 ] matplotlib - DEBUG - CACHEDIR=C:\Users\PC\.matplotlib
[ 2024-08-23 10:04:27,103 ] matplotlib.font_manager - DEBUG - Using fontManager instance from C:\Users\PC\.matplotlib\fontlist-v390.json
[ 2024-08-23 10:04:28,161 ] matplotlib.pyplot - DEBUG - Loaded backend Agg version v2.2.
[ 2024-08-23 10:04:28,665 ] werkzeug - INFO - [31m[1mWARNING: This is a development server. Do not use it in a production deployment. Use a production WSGI server instead.[0m
 * Running on all addresses (0.0.0.0)
 * Running on http://127.0.0.1:8080
 * Running on http://192.168.203.152:8080
[ 2024-08-23 10:04:28,681 ] werkzeug - INFO - [33mPress CTRL+C to quit[0m
[ 2024-08-23 10:04:28,681 ] werkzeug - INFO -  * Restarting with stat
[ 2024-08-23 10:05:59,700 ] werkzeug - INFO -  * Restarting with stat
