[ 2024-08-23 10:42:28,725 ] httpx - DEBUG - load_ssl_context verify=True cert=None trust_env=True http2=False
[ 2024-08-23 10:42:28,726 ] httpx - DEBUG - load_verify_locations cafile='D:\\VIVI_AI\\yogo\\Library\\ssl\\cacert.pem'
[ 2024-08-23 10:42:32,215 ] httpx - DEBUG - load_ssl_context verify=True cert=None trust_env=True http2=False
[ 2024-08-23 10:42:32,216 ] httpx - DEBUG - load_verify_locations cafile='D:\\VIVI_AI\\yogo\\Library\\ssl\\cacert.pem'
[ 2024-08-23 10:42:32,565 ] httpx - DEBUG - load_ssl_context verify=True cert=None trust_env=True http2=False
[ 2024-08-23 10:42:32,567 ] httpx - DEBUG - load_verify_locations cafile='D:\\VIVI_AI\\yogo\\Library\\ssl\\cacert.pem'
[ 2024-08-23 10:42:33,089 ] faiss.loader - DEBUG - Environment variable FAISS_OPT_LEVEL is not set, so let's pick the instruction set according to the current CPU
[ 2024-08-23 10:42:33,090 ] faiss.loader - INFO - Loading faiss with AVX2 support.
[ 2024-08-23 10:42:33,117 ] faiss.loader - INFO - Successfully loaded faiss with AVX2 support.
[ 2024-08-23 10:42:33,270 ] matplotlib - DEBUG - matplotlib data path: D:\VIVI_AI\yogo\Lib\site-packages\matplotlib\mpl-data
[ 2024-08-23 10:42:33,276 ] matplotlib - DEBUG - CONFIGDIR=C:\Users\PC\.matplotlib
[ 2024-08-23 10:42:33,278 ] matplotlib - DEBUG - interactive is False
[ 2024-08-23 10:42:33,278 ] matplotlib - DEBUG - platform is win32
[ 2024-08-23 10:42:33,373 ] matplotlib - DEBUG - CACHEDIR=C:\Users\PC\.matplotlib
[ 2024-08-23 10:42:33,378 ] matplotlib.font_manager - DEBUG - Using fontManager instance from C:\Users\PC\.matplotlib\fontlist-v390.json
[ 2024-08-23 10:42:34,309 ] matplotlib.pyplot - DEBUG - Loaded backend Agg version v2.2.
[ 2024-08-23 10:42:34,339 ] werkzeug - WARNING -  * Debugger is active!
[ 2024-08-23 10:42:34,353 ] werkzeug - INFO -  * Debugger PIN: 331-538-268
[ 2024-08-23 10:42:34,395 ] chat_app - INFO - Index route called
[ 2024-08-23 10:42:34,396 ] chat_app - INFO - No authenticated user found, redirecting to login
[ 2024-08-23 10:42:34,396 ] werkzeug - INFO - 127.0.0.1 - - [23/Aug/2024 10:42:34] "[32mGET / HTTP/1.1[0m" 302 -
[ 2024-08-23 10:42:34,418 ] werkzeug - INFO - 127.0.0.1 - - [23/Aug/2024 10:42:34] "GET /login HTTP/1.1" 200 -
[ 2024-08-23 10:42:34,542 ] werkzeug - INFO - 127.0.0.1 - - [23/Aug/2024 10:42:34] "[36mGET /static/loginform.css HTTP/1.1[0m" 304 -
[ 2024-08-23 10:42:34,545 ] werkzeug - INFO - 127.0.0.1 - - [23/Aug/2024 10:42:34] "[36mGET /static/google.png HTTP/1.1[0m" 304 -
[ 2024-08-23 10:42:38,219 ] httpcore.connection - DEBUG - connect_tcp.started host='ucpbtniapifddpsipukq.supabase.co' port=443 local_address=None timeout=5.0 socket_options=None
[ 2024-08-23 10:42:38,415 ] httpcore.connection - DEBUG - connect_tcp.complete return_value=<httpcore._backends.sync.SyncStream object at 0x0000022F71C8E510>
[ 2024-08-23 10:42:38,415 ] httpcore.connection - DEBUG - start_tls.started ssl_context=<ssl.SSLContext object at 0x0000022F35129910> server_hostname='ucpbtniapifddpsipukq.supabase.co' timeout=5.0
[ 2024-08-23 10:42:38,491 ] httpcore.connection - DEBUG - start_tls.complete return_value=<httpcore._backends.sync.SyncStream object at 0x0000022F713B7D90>
[ 2024-08-23 10:42:38,492 ] httpcore.http2 - DEBUG - send_connection_init.started request=<Request [b'POST']>
[ 2024-08-23 10:42:38,493 ] httpcore.http2 - DEBUG - send_connection_init.complete
[ 2024-08-23 10:42:38,493 ] httpcore.http2 - DEBUG - send_request_headers.started request=<Request [b'POST']> stream_id=1
[ 2024-08-23 10:42:38,493 ] hpack.hpack - DEBUG - Adding (b':method', b'POST') to the header table, sensitive:False, huffman:True
[ 2024-08-23 10:42:38,493 ] hpack.hpack - DEBUG - Encoding 3 with 7 bits
[ 2024-08-23 10:42:38,497 ] hpack.hpack - DEBUG - Adding (b':authority', b'ucpbtniapifddpsipukq.supabase.co') to the header table, sensitive:False, huffman:True
[ 2024-08-23 10:42:38,497 ] hpack.hpack - DEBUG - Encoding 1 with 6 bits
[ 2024-08-23 10:42:38,497 ] hpack.hpack - DEBUG - Encoding 23 with 7 bits
[ 2024-08-23 10:42:38,497 ] hpack.hpack - DEBUG - Adding (b':scheme', b'https') to the header table, sensitive:False, huffman:True
[ 2024-08-23 10:42:38,498 ] hpack.hpack - DEBUG - Encoding 7 with 7 bits
[ 2024-08-23 10:42:38,498 ] hpack.hpack - DEBUG - Adding (b':path', b'/auth/v1/token?grant_type=password') to the header table, sensitive:False, huffman:True
[ 2024-08-23 10:42:38,498 ] hpack.hpack - DEBUG - Encoding 4 with 6 bits
[ 2024-08-23 10:42:38,498 ] hpack.hpack - DEBUG - Encoding 25 with 7 bits
[ 2024-08-23 10:42:38,498 ] hpack.hpack - DEBUG - Adding (b'accept', b'*/*') to the header table, sensitive:False, huffman:True
[ 2024-08-23 10:42:38,498 ] hpack.hpack - DEBUG - Encoding 19 with 6 bits
[ 2024-08-23 10:42:38,498 ] hpack.hpack - DEBUG - Encoding 3 with 7 bits
[ 2024-08-23 10:42:38,498 ] hpack.hpack - DEBUG - Adding (b'accept-encoding', b'gzip, deflate') to the header table, sensitive:False, huffman:True
[ 2024-08-23 10:42:38,499 ] hpack.hpack - DEBUG - Encoding 16 with 7 bits
[ 2024-08-23 10:42:38,499 ] hpack.hpack - DEBUG - Adding (b'user-agent', b'python-httpx/0.27.0') to the header table, sensitive:False, huffman:True
[ 2024-08-23 10:42:38,499 ] hpack.hpack - DEBUG - Encoding 58 with 6 bits
[ 2024-08-23 10:42:38,499 ] hpack.hpack - DEBUG - Encoding 14 with 7 bits
[ 2024-08-23 10:42:38,499 ] hpack.hpack - DEBUG - Adding (b'x-client-info', b'supabase-py/2.7.2') to the header table, sensitive:False, huffman:True
[ 2024-08-23 10:42:38,499 ] hpack.hpack - DEBUG - Encoding 10 with 7 bits
[ 2024-08-23 10:42:38,499 ] hpack.hpack - DEBUG - Encoding 12 with 7 bits
[ 2024-08-23 10:42:38,499 ] hpack.hpack - DEBUG - Adding (b'apikey', b'eyJhbGciOiJIUzI1NiIsInR5cCI6IkpXVCJ9.eyJpc3MiOiJzdXBhYmFzZSIsInJlZiI6InVjcGJ0bmlhcGlmZGRwc2lwdWtxIiwicm9sZSI6ImFub24iLCJpYXQiOjE3MjM4MzE2NzQsImV4cCI6MjAzOTQwNzY3NH0.OScT9H0GnEsZYiV8wg2aBFwGAKUCRjOi9LhrzSn2R_w') to the header table, sensitive:False, huffman:True
[ 2024-08-23 10:42:38,500 ] hpack.hpack - DEBUG - Encoding 5 with 7 bits
[ 2024-08-23 10:42:38,500 ] hpack.hpack - DEBUG - Encoding 167 with 7 bits
[ 2024-08-23 10:42:38,500 ] hpack.hpack - DEBUG - Adding (b'authorization', b'Bearer eyJhbGciOiJIUzI1NiIsInR5cCI6IkpXVCJ9.eyJpc3MiOiJzdXBhYmFzZSIsInJlZiI6InVjcGJ0bmlhcGlmZGRwc2lwdWtxIiwicm9sZSI6ImFub24iLCJpYXQiOjE3MjM4MzE2NzQsImV4cCI6MjAzOTQwNzY3NH0.OScT9H0GnEsZYiV8wg2aBFwGAKUCRjOi9LhrzSn2R_w') to the header table, sensitive:True, huffman:True
[ 2024-08-23 10:42:38,500 ] hpack.hpack - DEBUG - Encoding 23 with 4 bits
[ 2024-08-23 10:42:38,500 ] hpack.hpack - DEBUG - Encoding 172 with 7 bits
[ 2024-08-23 10:42:38,500 ] hpack.hpack - DEBUG - Adding (b'x-supabase-api-version', b'2024-01-01') to the header table, sensitive:False, huffman:True
[ 2024-08-23 10:42:38,501 ] hpack.hpack - DEBUG - Encoding 16 with 7 bits
[ 2024-08-23 10:42:38,501 ] hpack.hpack - DEBUG - Encoding 7 with 7 bits
[ 2024-08-23 10:42:38,501 ] hpack.hpack - DEBUG - Adding (b'content-type', b'application/json;charset=UTF-8') to the header table, sensitive:False, huffman:True
[ 2024-08-23 10:42:38,501 ] hpack.hpack - DEBUG - Encoding 31 with 6 bits
[ 2024-08-23 10:42:38,503 ] hpack.hpack - DEBUG - Encoding 22 with 7 bits
[ 2024-08-23 10:42:38,504 ] hpack.hpack - DEBUG - Adding (b'content-length', b'130') to the header table, sensitive:False, huffman:True
[ 2024-08-23 10:42:38,504 ] hpack.hpack - DEBUG - Encoding 28 with 6 bits
[ 2024-08-23 10:42:38,504 ] hpack.hpack - DEBUG - Encoding 2 with 7 bits
[ 2024-08-23 10:42:38,504 ] hpack.hpack - DEBUG - Encoded header block to b"\x83A\x97\xb4\x95\xc6\x9a\x8c:\xcd,\x92V\x83Wo^\xcb\xa2\xda\xc7\x18\xd0U\xc8\x7f\x87D\x99`v\xa6v;\x85\x84\x9f\xa9j\xff&\xb0u&$\xfa\xac\xb0V4#\xc1\xec\x93S\x83\xf9c\xe7\x90z\x8e\xaf\xd2g=KN\x94\xd7\xe5\x80.'W\x07@\x8a\xf2\xb1(1jJ\xc6\xaaS\xff\x8cE\xb5\x8e1\xa0\xabW\xe9\x81.\xea\xe2@\x85\x1df\xea__\xff(/\xac\xb3\xc7\x88\x86\xd4l\xb98{\xc8\x1d&\xc8\x8c\x95ml\x97\xb29\x93\xad\x7f\x9coe}r\xfa\xcbY\x19\xd0mF\xcb\xeeO\xcb\xb3\xf3\xa7\x0f\xbf\xdd\xd9\x11\x92\xac\xb4~\x9b#\x99*\xe3\xd0\x98\xb2\x82:h\x9c\x98\xa8\xa7\xf7\x16\xdf\x04\x15\x1e$\xe4\x9f9\r\xe0\xc4\xa5\xf4~\xee\xc8\xe6Jp\xdb\x18\x9a6{\xd9k\xe7\xf9\xb0\xda\xba`gGM\rh\xf7\x80Z}\xecFJx\xb4K\xd9\x1c\xd1\xd2\x1fz\xb7\xec\xf1\xa7\xdf6t\xe3\x02\xfa\xb7\x13{\xf8\xc1\x8a\xac\x08\xfd\xe6n/x\x98C\xbb\x87\xc6(sp\xbd\xb7\xa6\xa3?\x9e{=\xee\xa8[b\xf1\x1f\x08\xff-\xbaQ\xd8[\x14/\xac\xb3\xc7\x88\x86\xd4l\xb98{\xc8\x1d&\xc8\x8c\x95ml\x97\xb29\x93\xad\x7f\x9coe}r\xfa\xcbY\x19\xd0mF\xcb\xeeO\xcb\xb3\xf3\xa7\x0f\xbf\xdd\xd9\x11\x92\xac\xb4~\x9b#\x99*\xe3\xd0\x98\xb2\x82:h\x9c\x98\xa8\xa7\xf7\x16\xdf\x04\x15\x1e$\xe4\x9f9\r\xe0\xc4\xa5\xf4~\xee\xc8\xe6Jp\xdb\x18\x9a6{\xd9k\xe7\xf9\xb0\xda\xba`gGM\rh\xf7\x80Z}\xecFJx\xb4K\xd9\x1c\xd1\xd2\x1fz\xb7\xec\xf1\xa7\xdf6t\xe3\x02\xfa\xb7\x13{\xf8\xc1\x8a\xac\x08\xfd\xe6n/x\x98C\xbb\x87\xc6(sp\xbd\xb7\xa6\xa3?\x9e{=\xee\xa8[b\xf1@\x90\xf2\xb2-\xacq\x8d\x05Xu\x99n\xe5\xb1\x06=_\x87\x10\x04\xd2\xc0\n\xc0\x0f_\x96\x1du\xd0b\r&=LtA\xea\xfb$\xe3\xb1\x05L\x1c7\xe1Y\xef\\\x82\x0b "
[ 2024-08-23 10:42:38,505 ] httpcore.http2 - DEBUG - send_request_headers.complete
[ 2024-08-23 10:42:38,505 ] httpcore.http2 - DEBUG - send_request_body.started request=<Request [b'POST']> stream_id=1
[ 2024-08-23 10:42:38,506 ] httpcore.http2 - DEBUG - send_request_body.complete
[ 2024-08-23 10:42:38,506 ] httpcore.http2 - DEBUG - receive_response_headers.started request=<Request [b'POST']> stream_id=1
[ 2024-08-23 10:42:38,561 ] httpcore.http2 - DEBUG - receive_remote_settings.started
[ 2024-08-23 10:42:38,561 ] httpcore.http2 - DEBUG - receive_remote_settings.complete return_value=<RemoteSettingsChanged changed_settings:{ChangedSetting(setting=3, original_value=None, new_value=100), ChangedSetting(setting=4, original_value=65535, new_value=65536), ChangedSetting(setting=5, original_value=16384, new_value=16777215)}>
[ 2024-08-23 10:42:39,687 ] hpack.hpack - DEBUG - Decoding b'?\xe1\x1f\x88a\x96\xc3a\xbe\x94\x13*Cl\xca\x08\x02i@7p"\xb8\xd0\x14\xc5\xa3\x7f_\x8b\x1du\xd0b\r&=LtA\xea@\x85$\xabX?_\x8fz7^~9\t\x1b\xd27(\x86U\xae\xea\xd1@\x8a$\xab\x10d\x9c\xab!#M\xa8\x86\xbf\xcfL:2^w\xff\x8f\x05Dk\x0c\x84*\x10\xb2O\xd4\xb5@_Yg\x8f\x11\r\xa8\xd9rp\xf7\x90:M\x91\x19)M\x7f\xb7\xb29\x93\xa6Qgg\x8d\xff\xdb\xf4\x1bF\x00\xd3\xa1\x9a7s\xeb\xc0\xd9\xefe\x01\x7f!6\xa3e\xcd\xc4;\r.\xc5\xcb\xeb-dgA\xb5\x1b)\xe4\xc7\xb7\xc1=\x9f\xbevx\xf4&,\xa0\x8e\x9a\'&*)\xfd\xc5\xb7\xc1\x05G\x899\'\xcez\xb4\x84\x98\xb0\x9b\x9f\xe6\x9a3\xd3\xa7\xbeqa\x0c\x98\xa6\xef\'L\x06\xcf{/\xb99d6\xa3e\xeb\xfbN\x00\xf3\xf7\xb1\x9d7\x83O\xed<<g\xdf\xb3\xc7:x\'\x9fN\x00\xd3\xe84~\xef\xfd\x9fE\xfd\x8c\xfe\xef#<\xfd\xccl\xf7\xb2\xcf\'-\x86\xd4l\xb3\xc9\xf9\xb4\xff\xbc\x9b\x00\xf9i\x9eL\\z\xe47\x83~\xfeO\xe3\'C\xf9\xd3\xef 4{\xeb\xefN\xfe~3\xde\xcb_?\xcd\x86\xd5\xd3\x03::l\xf7\xaa\xffV\xf4\xf4\x85\x19)\xe2\x9e|\xa8FN\x874\x94\xd1g>^|h\xbf\x90RS\x87\xd1\x05=\xbf\xbf\x94C\xfa \xce>^-\xe6\'\xd3\x90\xde\x0cLS\xf7\x8e\x9e\x06\xd4l\x86\xcf{,\xe4\xc7vX\xf9q\x07>[g\x93\x16\x03j\xa9\x06&<\xbd\xe4\xa6\x8e\xbf\xbf\x99\r\xa8\xd9h\x8f\x96\x1a\xe3\xbd\x91\x19*\xbb\xea6\x7fk\xfd\xc5\xc7\xd1=ds\x97\xac\xb4G\xcb\rq\xde\xcb$\xbb\xbc\x1aO\xcd4\x12\x87\xd3\xfb\xf9\xb6\x7f\xdcXA\xcfvG\x0b\xeb-\x11\xf2\xc3\\w\xb29\x92\xaf\xda\xc6,(%\xf8}i\xab\xf6rU\xa4\xf1\xd3\xc5\xbd\x98\xa4O>T#=:{\xc7\xbb"2S\xc5<\xf9P\x8f\xc6\x7fh%4R>\\z\xe4\xe9]<\xf9y\xf7\xfb\xbb\xc1\x89\x8a~\xf1\xd3\xc6Y)\xe3\xe8|\xbfk\xfd\xe5\xb0\xda\xa9\xfd\x9e<zh\xcf{/\xb99d6\xa3e\xeb\xfbN\x00\xf3\xf7\xb1\x9d7\x83O\xed<<g\xdf\xb3\xc7:x\'\x9fN\x00\xd3\xe84~\xef\xfd\x9fE\xfd\x8c\xfe\xef#<\xfd\xcciwx1)}\x1f\xbb\xb29\x92\x9c!\x93\x14\xf4GV\xda\xf9\x8b\x08?yl6{\xd9g\xe7\xcb\xc1\xb5\x1b,\xfc\xf9x\xf3\x90\xde\r\xcf\x90}d\xe9\\e\xf5\x95?\xbf\x9bO\x18\xb6\x1bQ\xb2\xf8\xe7\xf9\xa7\xdc\x82\x7f\xd7\xed\xec\x88\xc9V\xda\xe3\xe5\xc7\xdc\x98\xb0\xa4\x97\xb29\xa3y=i\xbf\xa1\xad[\xfa\x8bF0\xc9\x9e\xf6_\x7f\xbf\x9a}\x8f\x93\xf6\xfe\n\x8e\xb9:\x1c\xda9d\x06\x8e\\\xfdi\xf7\xcd:7\xe5\x9fA\x80\r\x02\xd1\xe7?,\xb4\xea\xbf\xc1:zI>\x9cZ\x05\xa3\xa6F\x7fo\xd1\xd3!\xbc\x18\x7f\x9ae\xe7\xc9\xbe\xf1\xd5Bcg\x8f\xbc\x9d+\xa7\x9f/>\xff\x7f\x00\xbe\xde\xd1p\xbep\xe4h\xcdM\xa739%\xdb\xc5\xf9\xf7c\xc3\xd0{\xdc\xd9z_C\x1aK\xd52\x19%\xc1\xf6\xa6\xb1\xa6x\x18\xfbS\x07\x9a\xcdaQ\x06\xe1\xa7\xe9A4\xa46\xcc\xa0\x80&\x94\x03w\x02+\x8d\x01LZ7\xfd\xa9\xa0~V\x86b\xc0\xf3\x8d\x00\x1fjcJk\xd5U\x1e\xbe\xd4\xdcR[a\x7fx\x9a\xa4~V\x1c\xc5\x81\x90\xb6\xcb\x80\x00>\xd45D\xa2\xd9\x0b\xba\xd8\xef\x9e\x91\x9a\xa4\x7f{\x91\xd5a\xa65_JBB\x16\xb4\xad\x82\xa2\x1eCU7@\x8dDkL4\x97\xc0\xfd-\xdc\xb6 \xc7\xab\x011w\xdbDkXYl*\'Y\'\xeaZ\xa0\xe3o\x99\xb0\xf8\xcd\x84R^o\xf3\xf7\xd1,\xa3\xf0\x1e\xf6}\xa9\xaci\x9e\x06>\xd4\xc1\xe6\xb3XTA\xb8i\xfaPM)\r\xb3( \t\xa5\x00\xdd\xc0\x8a\xe3@S\x16\x8d\xffjh\x1f\x95\xa1\x98\xb0<\xe3@\x07\xda\x98\xd2\x9a\xf5UG\xaf\xb57\x14\x96\xd8_@\x95\xf2\xb1j\xee\x7fK[Z\x13aGJ\xc8-\x9d\xccB\xac\x93R_\x82\x08Av\x87%\x07\xb6Ih\x1d\x85Z\x83\x9b\xd9\xab@\x85\x1d\tY\x1d\xc9\x90\x9d\x98?\x9b\x8d4\xcf\xf3\xf6\xa5#\x81\xe7\x1a\x00?'
[ 2024-08-23 10:42:39,687 ] hpack.hpack - DEBUG - Decoded 4096, consumed 3 bytes
[ 2024-08-23 10:42:39,687 ] hpack.table - DEBUG - Resizing header table to 4096 from 4096
[ 2024-08-23 10:42:39,687 ] hpack.hpack - DEBUG - Decoded 8, consumed 1 bytes
[ 2024-08-23 10:42:39,687 ] hpack.hpack - DEBUG - Decoded (b':status', b'200'), consumed 1
[ 2024-08-23 10:42:39,687 ] hpack.hpack - DEBUG - Decoded 33, consumed 1 bytes
[ 2024-08-23 10:42:39,688 ] hpack.hpack - DEBUG - Decoded 22, consumed 1 bytes
[ 2024-08-23 10:42:39,688 ] hpack.hpack - DEBUG - Decoded (b'date', b'Fri, 23 Aug 2024 05:12:40 GMT'), total consumed 24 bytes, indexed True
[ 2024-08-23 10:42:39,688 ] hpack.hpack - DEBUG - Decoded 31, consumed 1 bytes
[ 2024-08-23 10:42:39,688 ] hpack.hpack - DEBUG - Decoded 11, consumed 1 bytes
[ 2024-08-23 10:42:39,688 ] hpack.hpack - DEBUG - Decoded (b'content-type', b'application/json'), total consumed 13 bytes, indexed True
[ 2024-08-23 10:42:39,688 ] hpack.hpack - DEBUG - Decoded 5, consumed 1 bytes
[ 2024-08-23 10:42:39,688 ] hpack.hpack - DEBUG - Decoded 15, consumed 1 bytes
[ 2024-08-23 10:42:39,688 ] hpack.hpack - DEBUG - Decoded (b'cf-ray', b'8b789bdcb8d5f2ae-BOM'), total consumed 23 bytes, indexed True
[ 2024-08-23 10:42:39,688 ] hpack.hpack - DEBUG - Decoded 10, consumed 1 bytes
[ 2024-08-23 10:42:39,688 ] hpack.hpack - DEBUG - Decoded 6, consumed 1 bytes
[ 2024-08-23 10:42:39,688 ] hpack.hpack - DEBUG - Decoded (b'cf-cache-status', b'DYNAMIC'), total consumed 19 bytes, indexed True
[ 2024-08-23 10:42:39,688 ] hpack.hpack - DEBUG - Decoded 55, consumed 1 bytes
[ 2024-08-23 10:42:39,688 ] hpack.hpack - DEBUG - Decoded 782, consumed 3 bytes
[ 2024-08-23 10:42:39,689 ] hpack.hpack - DEBUG - Decoded (b'set-cookie', b'sb-access-token=eyJhbGciOiJIUzI1NiIsImtpZCI6IjJ2L3VDZDliME1mM3lSYkUiLCJ0eXAiOiJKV1QifQ.eyJpc3MiOiJodHRwczovL3VjcGJ0bmlhcGlmZGRwc2lwdWtxLnN1cGFiYXNlLmNvL2F1dGgvdjEiLCJzdWIiOiJkZmE1YzQ3NC1mZmUwLTQwYmUtYjU0Ny1lZTZhMDQ3ZTc3YzgiLCJhdWQiOiJhdXRoZW50aWNhdGVkIiwiZXhwIjoxNzI0MzkzNTYwLCJpYXQiOjE3MjQzODk5NjAsImVtYWlsIjoidmlrYWxwMDI2dmFyc2huZXlAZ21haWwuY29tIiwicGhvbmUiOiIiLCJhcHBfbWV0YWRhdGEiOnsicHJvdmlkZXIiOiJlbWFpbCIsInByb3ZpZGVycyI6WyJlbWFpbCJdfSwidXNlcl9tZXRhZGF0YSI6eyJlbWFpbCI6InZpa2FscDAyNnZhcnNobmV5QGdtYWlsLmNvbSIsImVtYWlsX3ZlcmlmaWVkIjpmYWxzZSwicGhvbmVfdmVyaWZpZWQiOmZhbHNlLCJzdWIiOiJkZmE1YzQ3NC1mZmUwLTQwYmUtYjU0Ny1lZTZhMDQ3ZTc3YzgifSwicm9sZSI6ImF1dGhlbnRpY2F0ZWQiLCJhYWwiOiJhYWwxIiwiYW1yIjpbeyJtZXRob2QiOiJwYXNzd29yZCIsInRpbWVzdGFtcCI6MTcyNDM4OTk2MH1dLCJzZXNzaW9uX2lkIjoiMWI0MWYyNzYtMTJhMi00M2MxLWJmODUtNjdhNGM2MjI3ZDljIiwiaXNfYW5vbnltb3VzIjpmYWxzZX0.Rq_UDo1I4i4gNK3IfRV9hSHFjaT6QCfyaatektditeE; Path=/; Expires=Sat, 24 Aug 2024 05:12:40 GMT; Max-Age=86400; HttpOnly; Secure'), total consumed 786 bytes, indexed True
[ 2024-08-23 10:42:39,689 ] hpack.hpack - DEBUG - Decoded 56, consumed 1 bytes
[ 2024-08-23 10:42:39,689 ] hpack.hpack - DEBUG - Decoded 26, consumed 1 bytes
[ 2024-08-23 10:42:39,689 ] hpack.hpack - DEBUG - Decoded (b'strict-transport-security', b'max-age=31536000; includeSubDomains'), total consumed 28 bytes, indexed True
[ 2024-08-23 10:42:39,689 ] hpack.hpack - DEBUG - Decoded 59, consumed 1 bytes
[ 2024-08-23 10:42:39,689 ] hpack.hpack - DEBUG - Decoded 17, consumed 1 bytes
[ 2024-08-23 10:42:39,689 ] hpack.hpack - DEBUG - Decoded (b'vary', b'Origin, Accept-Encoding'), total consumed 19 bytes, indexed True
[ 2024-08-23 10:42:39,689 ] hpack.hpack - DEBUG - Decoded 13, consumed 1 bytes
[ 2024-08-23 10:42:39,689 ] hpack.hpack - DEBUG - Decoded 1, consumed 1 bytes
[ 2024-08-23 10:42:39,690 ] hpack.hpack - DEBUG - Decoded (b'sb-gateway-version', <memory at 0x0000022F71B9F400>), total consumed 17 bytes, indexed True
[ 2024-08-23 10:42:39,690 ] hpack.hpack - DEBUG - Decoded 55, consumed 1 bytes
[ 2024-08-23 10:42:39,690 ] hpack.hpack - DEBUG - Decoded 91, consumed 1 bytes
[ 2024-08-23 10:42:39,690 ] hpack.hpack - DEBUG - Decoded (b'set-cookie', b'sb-refresh-token=VuxgFwKF2dC5XZycrlX0zQ; Path=/; Expires=Sat, 24 Aug 2024 05:12:40 GMT; Max-Age=86400; HttpOnly; Secure'), total consumed 93 bytes, indexed True
[ 2024-08-23 10:42:39,690 ] hpack.hpack - DEBUG - Decoded 21, consumed 1 bytes
[ 2024-08-23 10:42:39,690 ] hpack.hpack - DEBUG - Decoded 2, consumed 1 bytes
[ 2024-08-23 10:42:39,690 ] hpack.hpack - DEBUG - Decoded (b'x-envoy-upstream-service-time', b'110'), total consumed 26 bytes, indexed True
[ 2024-08-23 10:42:39,690 ] hpack.hpack - DEBUG - Decoded 54, consumed 1 bytes
[ 2024-08-23 10:42:39,690 ] hpack.hpack - DEBUG - Decoded 7, consumed 1 bytes
[ 2024-08-23 10:42:39,690 ] hpack.hpack - DEBUG - Decoded (b'server', b'cloudflare'), total consumed 9 bytes, indexed True
[ 2024-08-23 10:42:39,690 ] hpack.hpack - DEBUG - Decoded 26, consumed 1 bytes
[ 2024-08-23 10:42:39,690 ] hpack.hpack - DEBUG - Decoded 3, consumed 1 bytes
[ 2024-08-23 10:42:39,690 ] hpack.hpack - DEBUG - Decoded (b'content-encoding', b'gzip'), total consumed 5 bytes, indexed True
[ 2024-08-23 10:42:39,691 ] hpack.hpack - DEBUG - Decoded 5, consumed 1 bytes
[ 2024-08-23 10:42:39,691 ] hpack.hpack - DEBUG - Decoded 16, consumed 1 bytes
[ 2024-08-23 10:42:39,691 ] hpack.hpack - DEBUG - Decoded (b'alt-svc', b'h3=":443"; ma=86400'), total consumed 24 bytes, indexed True
[ 2024-08-23 10:42:39,691 ] httpcore.http2 - DEBUG - receive_response_headers.complete return_value=(200, [(b'date', b'Fri, 23 Aug 2024 05:12:40 GMT'), (b'content-type', b'application/json'), (b'cf-ray', b'8b789bdcb8d5f2ae-BOM'), (b'cf-cache-status', b'DYNAMIC'), (b'set-cookie', b'sb-access-token=eyJhbGciOiJIUzI1NiIsImtpZCI6IjJ2L3VDZDliME1mM3lSYkUiLCJ0eXAiOiJKV1QifQ.eyJpc3MiOiJodHRwczovL3VjcGJ0bmlhcGlmZGRwc2lwdWtxLnN1cGFiYXNlLmNvL2F1dGgvdjEiLCJzdWIiOiJkZmE1YzQ3NC1mZmUwLTQwYmUtYjU0Ny1lZTZhMDQ3ZTc3YzgiLCJhdWQiOiJhdXRoZW50aWNhdGVkIiwiZXhwIjoxNzI0MzkzNTYwLCJpYXQiOjE3MjQzODk5NjAsImVtYWlsIjoidmlrYWxwMDI2dmFyc2huZXlAZ21haWwuY29tIiwicGhvbmUiOiIiLCJhcHBfbWV0YWRhdGEiOnsicHJvdmlkZXIiOiJlbWFpbCIsInByb3ZpZGVycyI6WyJlbWFpbCJdfSwidXNlcl9tZXRhZGF0YSI6eyJlbWFpbCI6InZpa2FscDAyNnZhcnNobmV5QGdtYWlsLmNvbSIsImVtYWlsX3ZlcmlmaWVkIjpmYWxzZSwicGhvbmVfdmVyaWZpZWQiOmZhbHNlLCJzdWIiOiJkZmE1YzQ3NC1mZmUwLTQwYmUtYjU0Ny1lZTZhMDQ3ZTc3YzgifSwicm9sZSI6ImF1dGhlbnRpY2F0ZWQiLCJhYWwiOiJhYWwxIiwiYW1yIjpbeyJtZXRob2QiOiJwYXNzd29yZCIsInRpbWVzdGFtcCI6MTcyNDM4OTk2MH1dLCJzZXNzaW9uX2lkIjoiMWI0MWYyNzYtMTJhMi00M2MxLWJmODUtNjdhNGM2MjI3ZDljIiwiaXNfYW5vbnltb3VzIjpmYWxzZX0.Rq_UDo1I4i4gNK3IfRV9hSHFjaT6QCfyaatektditeE; Path=/; Expires=Sat, 24 Aug 2024 05:12:40 GMT; Max-Age=86400; HttpOnly; Secure'), (b'strict-transport-security', b'max-age=31536000; includeSubDomains'), (b'vary', b'Origin, Accept-Encoding'), (b'sb-gateway-version', b'1'), (b'set-cookie', b'sb-refresh-token=VuxgFwKF2dC5XZycrlX0zQ; Path=/; Expires=Sat, 24 Aug 2024 05:12:40 GMT; Max-Age=86400; HttpOnly; Secure'), (b'x-envoy-upstream-service-time', b'110'), (b'server', b'cloudflare'), (b'content-encoding', b'gzip'), (b'alt-svc', b'h3=":443"; ma=86400')])
[ 2024-08-23 10:42:39,692 ] httpx - INFO - HTTP Request: POST https://ucpbtniapifddpsipukq.supabase.co/auth/v1/token?grant_type=password "HTTP/2 200 OK"
[ 2024-08-23 10:42:39,692 ] httpcore.http2 - DEBUG - receive_response_body.started request=<Request [b'POST']> stream_id=1
[ 2024-08-23 10:42:39,692 ] httpcore.http2 - DEBUG - receive_response_body.complete
[ 2024-08-23 10:42:39,692 ] httpcore.http2 - DEBUG - response_closed.started stream_id=1
[ 2024-08-23 10:42:39,692 ] httpcore.http2 - DEBUG - response_closed.complete
[ 2024-08-23 10:42:39,694 ] root - INFO - Login attempt for email: vikalp026varshney@gmail.com
[ 2024-08-23 10:42:39,695 ] werkzeug - INFO - 127.0.0.1 - - [23/Aug/2024 10:42:39] "[32mPOST /login HTTP/1.1[0m" 302 -
[ 2024-08-23 10:42:39,702 ] chat_app - INFO - Index route called
[ 2024-08-23 10:42:39,702 ] chat_app - INFO - User authenticated, rendering index.html
[ 2024-08-23 10:42:39,710 ] werkzeug - INFO - 127.0.0.1 - - [23/Aug/2024 10:42:39] "GET / HTTP/1.1" 200 -
[ 2024-08-23 10:42:39,734 ] werkzeug - INFO - 127.0.0.1 - - [23/Aug/2024 10:42:39] "[33mGET /static/script.js HTTP/1.1[0m" 404 -
[ 2024-08-23 10:42:39,738 ] werkzeug - INFO - 127.0.0.1 - - [23/Aug/2024 10:42:39] "[36mGET /static/style.css HTTP/1.1[0m" 304 -
[ 2024-08-23 10:42:39,741 ] werkzeug - INFO - 127.0.0.1 - - [23/Aug/2024 10:42:39] "[33mGET /static/chatbot.css HTTP/1.1[0m" 404 -
[ 2024-08-23 10:42:39,753 ] werkzeug - INFO - 127.0.0.1 - - [23/Aug/2024 10:42:39] "[33mGET /static/script.js HTTP/1.1[0m" 404 -
[ 2024-08-23 10:42:39,761 ] werkzeug - INFO - 127.0.0.1 - - [23/Aug/2024 10:42:39] "[36mGET /static/vivi.png HTTP/1.1[0m" 304 -
[ 2024-08-23 10:42:39,762 ] werkzeug - INFO - 127.0.0.1 - - [23/Aug/2024 10:42:39] "[36mGET /static/new_latest.jpg HTTP/1.1[0m" 304 -
[ 2024-08-23 10:42:39,766 ] werkzeug - INFO - 127.0.0.1 - - [23/Aug/2024 10:42:39] "[36mGET /static/2nd_his.jpg HTTP/1.1[0m" 304 -
[ 2024-08-23 10:42:39,769 ] werkzeug - INFO - 127.0.0.1 - - [23/Aug/2024 10:42:39] "[36mGET /static/chatbot.png HTTP/1.1[0m" 304 -
[ 2024-08-23 10:42:41,299 ] chat_app - ERROR - Error in chat route: 'msg'
[ 2024-08-23 10:42:41,300 ] werkzeug - INFO - 127.0.0.1 - - [23/Aug/2024 10:42:41] "[35m[1mPOST /get HTTP/1.1[0m" 500 -
[ 2024-08-23 10:42:42,298 ] chat_app - ERROR - Error in chat route: 'msg'
[ 2024-08-23 10:42:42,298 ] werkzeug - INFO - 127.0.0.1 - - [23/Aug/2024 10:42:42] "[35m[1mPOST /get HTTP/1.1[0m" 500 -
[ 2024-08-23 10:42:49,249 ] httpcore.connection - DEBUG - close.started
[ 2024-08-23 10:42:49,250 ] httpcore.connection - DEBUG - close.complete
[ 2024-08-23 10:42:49,250 ] httpcore.connection - DEBUG - connect_tcp.started host='ucpbtniapifddpsipukq.supabase.co' port=443 local_address=None timeout=5.0 socket_options=None
[ 2024-08-23 10:42:49,354 ] httpcore.connection - DEBUG - connect_tcp.complete return_value=<httpcore._backends.sync.SyncStream object at 0x0000022F36118A90>
[ 2024-08-23 10:42:49,355 ] httpcore.connection - DEBUG - start_tls.started ssl_context=<ssl.SSLContext object at 0x0000022F35129910> server_hostname='ucpbtniapifddpsipukq.supabase.co' timeout=5.0
[ 2024-08-23 10:42:49,463 ] httpcore.connection - DEBUG - start_tls.complete return_value=<httpcore._backends.sync.SyncStream object at 0x0000022F7140C150>
[ 2024-08-23 10:42:49,463 ] httpcore.http2 - DEBUG - send_connection_init.started request=<Request [b'POST']>
[ 2024-08-23 10:42:49,463 ] httpcore.http2 - DEBUG - send_connection_init.complete
[ 2024-08-23 10:42:49,464 ] httpcore.http2 - DEBUG - send_request_headers.started request=<Request [b'POST']> stream_id=1
[ 2024-08-23 10:42:49,464 ] hpack.hpack - DEBUG - Adding (b':method', b'POST') to the header table, sensitive:False, huffman:True
[ 2024-08-23 10:42:49,464 ] hpack.hpack - DEBUG - Encoding 3 with 7 bits
[ 2024-08-23 10:42:49,464 ] hpack.hpack - DEBUG - Adding (b':authority', b'ucpbtniapifddpsipukq.supabase.co') to the header table, sensitive:False, huffman:True
[ 2024-08-23 10:42:49,464 ] hpack.hpack - DEBUG - Encoding 1 with 6 bits
[ 2024-08-23 10:42:49,464 ] hpack.hpack - DEBUG - Encoding 23 with 7 bits
[ 2024-08-23 10:42:49,464 ] hpack.hpack - DEBUG - Adding (b':scheme', b'https') to the header table, sensitive:False, huffman:True
[ 2024-08-23 10:42:49,464 ] hpack.hpack - DEBUG - Encoding 7 with 7 bits
[ 2024-08-23 10:42:49,464 ] hpack.hpack - DEBUG - Adding (b':path', b'/auth/v1/token?grant_type=password') to the header table, sensitive:False, huffman:True
[ 2024-08-23 10:42:49,464 ] hpack.hpack - DEBUG - Encoding 4 with 6 bits
[ 2024-08-23 10:42:49,464 ] hpack.hpack - DEBUG - Encoding 25 with 7 bits
[ 2024-08-23 10:42:49,464 ] hpack.hpack - DEBUG - Adding (b'accept', b'*/*') to the header table, sensitive:False, huffman:True
[ 2024-08-23 10:42:49,464 ] hpack.hpack - DEBUG - Encoding 19 with 6 bits
[ 2024-08-23 10:42:49,464 ] hpack.hpack - DEBUG - Encoding 3 with 7 bits
[ 2024-08-23 10:42:49,465 ] hpack.hpack - DEBUG - Adding (b'accept-encoding', b'gzip, deflate') to the header table, sensitive:False, huffman:True
[ 2024-08-23 10:42:49,465 ] hpack.hpack - DEBUG - Encoding 16 with 7 bits
[ 2024-08-23 10:42:49,465 ] hpack.hpack - DEBUG - Adding (b'user-agent', b'python-httpx/0.27.0') to the header table, sensitive:False, huffman:True
[ 2024-08-23 10:42:49,465 ] hpack.hpack - DEBUG - Encoding 58 with 6 bits
[ 2024-08-23 10:42:49,465 ] hpack.hpack - DEBUG - Encoding 14 with 7 bits
[ 2024-08-23 10:42:49,465 ] hpack.hpack - DEBUG - Adding (b'x-client-info', b'supabase-py/2.7.2') to the header table, sensitive:False, huffman:True
[ 2024-08-23 10:42:49,465 ] hpack.hpack - DEBUG - Encoding 10 with 7 bits
[ 2024-08-23 10:42:49,465 ] hpack.hpack - DEBUG - Encoding 12 with 7 bits
[ 2024-08-23 10:42:49,465 ] hpack.hpack - DEBUG - Adding (b'apikey', b'eyJhbGciOiJIUzI1NiIsInR5cCI6IkpXVCJ9.eyJpc3MiOiJzdXBhYmFzZSIsInJlZiI6InVjcGJ0bmlhcGlmZGRwc2lwdWtxIiwicm9sZSI6ImFub24iLCJpYXQiOjE3MjM4MzE2NzQsImV4cCI6MjAzOTQwNzY3NH0.OScT9H0GnEsZYiV8wg2aBFwGAKUCRjOi9LhrzSn2R_w') to the header table, sensitive:False, huffman:True
[ 2024-08-23 10:42:49,465 ] hpack.hpack - DEBUG - Encoding 5 with 7 bits
[ 2024-08-23 10:42:49,465 ] hpack.hpack - DEBUG - Encoding 167 with 7 bits
[ 2024-08-23 10:42:49,465 ] hpack.hpack - DEBUG - Adding (b'authorization', b'Bearer eyJhbGciOiJIUzI1NiIsImtpZCI6IjJ2L3VDZDliME1mM3lSYkUiLCJ0eXAiOiJKV1QifQ.eyJpc3MiOiJodHRwczovL3VjcGJ0bmlhcGlmZGRwc2lwdWtxLnN1cGFiYXNlLmNvL2F1dGgvdjEiLCJzdWIiOiJkZmE1YzQ3NC1mZmUwLTQwYmUtYjU0Ny1lZTZhMDQ3ZTc3YzgiLCJhdWQiOiJhdXRoZW50aWNhdGVkIiwiZXhwIjoxNzI0MzkzNTYwLCJpYXQiOjE3MjQzODk5NjAsImVtYWlsIjoidmlrYWxwMDI2dmFyc2huZXlAZ21haWwuY29tIiwicGhvbmUiOiIiLCJhcHBfbWV0YWRhdGEiOnsicHJvdmlkZXIiOiJlbWFpbCIsInByb3ZpZGVycyI6WyJlbWFpbCJdfSwidXNlcl9tZXRhZGF0YSI6eyJlbWFpbCI6InZpa2FscDAyNnZhcnNobmV5QGdtYWlsLmNvbSIsImVtYWlsX3ZlcmlmaWVkIjpmYWxzZSwicGhvbmVfdmVyaWZpZWQiOmZhbHNlLCJzdWIiOiJkZmE1YzQ3NC1mZmUwLTQwYmUtYjU0Ny1lZTZhMDQ3ZTc3YzgifSwicm9sZSI6ImF1dGhlbnRpY2F0ZWQiLCJhYWwiOiJhYWwxIiwiYW1yIjpbeyJtZXRob2QiOiJwYXNzd29yZCIsInRpbWVzdGFtcCI6MTcyNDM4OTk2MH1dLCJzZXNzaW9uX2lkIjoiMWI0MWYyNzYtMTJhMi00M2MxLWJmODUtNjdhNGM2MjI3ZDljIiwiaXNfYW5vbnltb3VzIjpmYWxzZX0.Rq_UDo1I4i4gNK3IfRV9hSHFjaT6QCfyaatektditeE') to the header table, sensitive:True, huffman:True
[ 2024-08-23 10:42:49,465 ] hpack.hpack - DEBUG - Encoding 23 with 4 bits
[ 2024-08-23 10:42:49,466 ] hpack.hpack - DEBUG - Encoding 715 with 7 bits
[ 2024-08-23 10:42:49,466 ] hpack.hpack - DEBUG - Adding (b'x-supabase-api-version', b'2024-01-01') to the header table, sensitive:False, huffman:True
[ 2024-08-23 10:42:49,466 ] hpack.hpack - DEBUG - Encoding 16 with 7 bits
[ 2024-08-23 10:42:49,466 ] hpack.hpack - DEBUG - Encoding 7 with 7 bits
[ 2024-08-23 10:42:49,466 ] hpack.hpack - DEBUG - Adding (b'content-type', b'application/json;charset=UTF-8') to the header table, sensitive:False, huffman:True
[ 2024-08-23 10:42:49,466 ] hpack.hpack - DEBUG - Encoding 31 with 6 bits
[ 2024-08-23 10:42:49,466 ] hpack.hpack - DEBUG - Encoding 22 with 7 bits
[ 2024-08-23 10:42:49,466 ] hpack.hpack - DEBUG - Adding (b'cookie', b'sb-access-token=eyJhbGciOiJIUzI1NiIsImtpZCI6IjJ2L3VDZDliME1mM3lSYkUiLCJ0eXAiOiJKV1QifQ.eyJpc3MiOiJodHRwczovL3VjcGJ0bmlhcGlmZGRwc2lwdWtxLnN1cGFiYXNlLmNvL2F1dGgvdjEiLCJzdWIiOiJkZmE1YzQ3NC1mZmUwLTQwYmUtYjU0Ny1lZTZhMDQ3ZTc3YzgiLCJhdWQiOiJhdXRoZW50aWNhdGVkIiwiZXhwIjoxNzI0MzkzNTYwLCJpYXQiOjE3MjQzODk5NjAsImVtYWlsIjoidmlrYWxwMDI2dmFyc2huZXlAZ21haWwuY29tIiwicGhvbmUiOiIiLCJhcHBfbWV0YWRhdGEiOnsicHJvdmlkZXIiOiJlbWFpbCIsInByb3ZpZGVycyI6WyJlbWFpbCJdfSwidXNlcl9tZXRhZGF0YSI6eyJlbWFpbCI6InZpa2FscDAyNnZhcnNobmV5QGdtYWlsLmNvbSIsImVtYWlsX3ZlcmlmaWVkIjpmYWxzZSwicGhvbmVfdmVyaWZpZWQiOmZhbHNlLCJzdWIiOiJkZmE1YzQ3NC1mZmUwLTQwYmUtYjU0Ny1lZTZhMDQ3ZTc3YzgifSwicm9sZSI6ImF1dGhlbnRpY2F0ZWQiLCJhYWwiOiJhYWwxIiwiYW1yIjpbeyJtZXRob2QiOiJwYXNzd29yZCIsInRpbWVzdGFtcCI6MTcyNDM4OTk2MH1dLCJzZXNzaW9uX2lkIjoiMWI0MWYyNzYtMTJhMi00M2MxLWJmODUtNjdhNGM2MjI3ZDljIiwiaXNfYW5vbnltb3VzIjpmYWxzZX0.Rq_UDo1I4i4gNK3IfRV9hSHFjaT6QCfyaatektditeE; sb-refresh-token=VuxgFwKF2dC5XZycrlX0zQ') to the header table, sensitive:False, huffman:True
[ 2024-08-23 10:42:49,466 ] hpack.hpack - DEBUG - Encoding 32 with 6 bits
[ 2024-08-23 10:42:49,467 ] hpack.hpack - DEBUG - Encoding 753 with 7 bits
[ 2024-08-23 10:42:49,467 ] hpack.hpack - DEBUG - Adding (b'content-length', b'130') to the header table, sensitive:False, huffman:True
[ 2024-08-23 10:42:49,467 ] hpack.hpack - DEBUG - Encoding 28 with 6 bits
[ 2024-08-23 10:42:49,467 ] hpack.hpack - DEBUG - Encoding 2 with 7 bits
[ 2024-08-23 10:42:49,467 ] hpack.hpack - DEBUG - Encoded header block to b'\x83A\x97\xb4\x95\xc6\x9a\x8c:\xcd,\x92V\x83Wo^\xcb\xa2\xda\xc7\x18\xd0U\xc8\x7f\x87D\x99`v\xa6v;\x85\x84\x9f\xa9j\xff&\xb0u&$\xfa\xac\xb0V4#\xc1\xec\x93S\x83\xf9c\xe7\x90z\x8e\xaf\xd2g=KN\x94\xd7\xe5\x80.\'W\x07@\x8a\xf2\xb1(1jJ\xc6\xaaS\xff\x8cE\xb5\x8e1\xa0\xabW\xe9\x81.\xea\xe2@\x85\x1df\xea__\xff(/\xac\xb3\xc7\x88\x86\xd4l\xb98{\xc8\x1d&\xc8\x8c\x95ml\x97\xb29\x93\xad\x7f\x9coe}r\xfa\xcbY\x19\xd0mF\xcb\xeeO\xcb\xb3\xf3\xa7\x0f\xbf\xdd\xd9\x11\x92\xac\xb4~\x9b#\x99*\xe3\xd0\x98\xb2\x82:h\x9c\x98\xa8\xa7\xf7\x16\xdf\x04\x15\x1e$\xe4\x9f9\r\xe0\xc4\xa5\xf4~\xee\xc8\xe6Jp\xdb\x18\x9a6{\xd9k\xe7\xf9\xb0\xda\xba`gGM\rh\xf7\x80Z}\xecFJx\xb4K\xd9\x1c\xd1\xd2\x1fz\xb7\xec\xf1\xa7\xdf6t\xe3\x02\xfa\xb7\x13{\xf8\xc1\x8a\xac\x08\xfd\xe6n/x\x98C\xbb\x87\xc6(sp\xbd\xb7\xa6\xa3?\x9e{=\xee\xa8[b\xf1\x1f\x08\xff\xcc\x04\xbaQ\xd8[\x14/\xac\xb3\xc7\x88\x86\xd4l\xb98{\xc8\x1d&\xc8\x8c\x94\xa6\xbf\xdb\xd9\x1c\xc9\xd3(\xb3\xb3\xc6\xff\xed\xfa\r\xa3\x00i\xd0\xcd\x1b\xb9\xf5\xe0l\xf7\xb2\x80\xbf\x90\x9bQ\xb2\xe6\xe2\x1d\x86\x97b\xe5\xf5\x96\xb23\xa0\xda\x8d\x94\xf2c\xdb\xe0\x9e\xcf\xdf;<z\x13\x16PGM\x13\x93\x15\x14\xfe\xe2\xdb\xe0\x82\xa3\xc4\x9c\x93\xe7=ZBLXM\xcf\xf3M\x19\xe9\xd3\xdf8\xb0\x86LSw\x93\xa6\x03g\xbd\x97\xdc\x9c\xb2\x1bQ\xb2\xf5\xfd\xa7\x00y\xfb\xd8\xce\x9b\xc1\xa7\xf6\x9e\x1e3\xef\xd9\xe3\x9d<\x13\xcf\xa7\x00i\xf4\x1a?w\xfe\xcf\xa2\xfe\xc6\x7fw\x91\x9e~\xe66{\xd9g\x93\x96\xc3j6Y\xe4\xfc\xda\x7f\xdeM\x80|\xb4\xcf&.=r\x1b\xc1\xbf\x7f\'\xf1\x93\xa1\xfc\xe9\xf7\x90\x1a=\xf5\xf7\xa7\x7f?\x19\xefe\xaf\x9f\xe6\xc3j\xe9\x81\x9d\x1d6{\xd5\x7f\xabzzB\x8c\x94\xf1O>T#\'C\x9aJh\xb3\x9f/>4_\xc8))\xc3\xe8\x82\x9e\xdf\xdf\xca!\xfd\x10g\x1f/\x16\xf3\x13\xe9\xc8o\x06&)\xfb\xc7O\x03j6Cg\xbd\x96rc\xbb,|\xb8\x83\x9f-\xb3\xc9\x8b\x01\xb5T\x83\x13\x1e^\xf2SG_\xdf\xcc\x86\xd4l\xb4G\xcb\rq\xde\xc8\x8c\x95]\xf5\x1b?\xb5\xfe\xe2\xe3\xe8\x9e\xb29\xcb\xd6Z#\xe5\x86\xb8\xefe\x92]\xde\r\'\xe6\x9a\tC\xe9\xfd\xfc\xdb?\xee, \xe7\xbb#\x85\xf5\x96\x88\xf9a\xae;\xd9\x1c\xc9W\xedc\x16\x14\x12\xfc>\xb4\xd5\xfb9*\xd2x\xe9\xe2\xde\xccR\'\x9f*\x11\x9e\x9d=\xe3\xdd\x91\x19)\xe2\x9e|\xa8G\xe3?\xb4\x12\x9a)\x1f.=rt\xae\x9e|\xbc\xfb\xfd\xdd\xe0\xc4\xc5?x\xe9\xe3,\x94\xf1\xf4>_\xb5\xfe\xf2\xd8mT\xfe\xcf\x1e=4g\xbd\x97\xdc\x9c\xb2\x1bQ\xb2\xf5\xfd\xa7\x00y\xfb\xd8\xce\x9b\xc1\xa7\xf6\x9e\x1e3\xef\xd9\xe3\x9d<\x13\xcf\xa7\x00i\xf4\x1a?w\xfe\xcf\xa2\xfe\xc6\x7fw\x91\x9e~\xe64\xbb\xbc\x18\x94\xbe\x8f\xdd\xd9\x1c\xc9N\x10\xc9\x8az#\xabm|\xc5\x84\x1f\xbc\xb6\x1b=\xec\xb3\xf3\xe5\xe0\xda\x8d\x96~|\xbcy\xc8o\x06\xe7\xc8>\xb2t\xae2\xfa\xca\x9f\xdf\xcd\xa7\x8c[\r\xa8\xd9|s\xfc\xd3\xeeA?\xeb\xf6\xf6Dd\xabmq\xf2\xe3\xeeLXRK\xd9\x1c\xd1\xbc\x9e\xb4\xdf\xd0\xd6\xad\xfdE\xa3\x18d\xcf{/\xbf\xdf\xcd>\xc7\xc9\xfb\x7f\x05G\\\x9d\x0em\x1c\xb2\x03G.~\xb4\xfb\xe6\x9d\x1b\xf2\xcf\xa0\xc0\x06\x81h\xf3\x9f\x96Zu_\xe0\x9d=$\x9fN-\x02\xd1\xd3#?\xb7\xe8\xe9\x90\xde\x0c?\xcd2\xf3\xe4\xdfx\xea\xa11\xb3\xc7\xdeN\x95\xd3\xcf\x97\x9f\x7f\xbf\x80_oh\xb8_8r4f\xa6\xd3\x99\x9c\x92\xed\xe2\xfc\xfb\xb1\xe1\xe8=\xeel\xbd/\xa1\x8d%\xea\x99\x0c\x92\xe0@\x90\xf2\xb2-\xacq\x8d\x05Xu\x99n\xe5\xb1\x06=_\x87\x10\x04\xd2\xc0\n\xc0\x0f_\x96\x1du\xd0b\r&=LtA\xea\xfb$\xe3\xb1\x05L\x1c7\xe1Y\xef`\xff\xf2\x04Dk\x0c\x84*\x10\xb2O\xd4\xb5@_Yg\x8f\x11\r\xa8\xd9rp\xf7\x90:M\x91\x19)M\x7f\xb7\xb29\x93\xa6Qgg\x8d\xff\xdb\xf4\x1bF\x00\xd3\xa1\x9a7s\xeb\xc0\xd9\xefe\x01\x7f!6\xa3e\xcd\xc4;\r.\xc5\xcb\xeb-dgA\xb5\x1b)\xe4\xc7\xb7\xc1=\x9f\xbevx\xf4&,\xa0\x8e\x9a\'&*)\xfd\xc5\xb7\xc1\x05G\x899\'\xcez\xb4\x84\x98\xb0\x9b\x9f\xe6\x9a3\xd3\xa7\xbeqa\x0c\x98\xa6\xef\'L\x06\xcf{/\xb99d6\xa3e\xeb\xfbN\x00\xf3\xf7\xb1\x9d7\x83O\xed<<g\xdf\xb3\xc7:x\'\x9fN\x00\xd3\xe84~\xef\xfd\x9fE\xfd\x8c\xfe\xef#<\xfd\xccl\xf7\xb2\xcf\'-\x86\xd4l\xb3\xc9\xf9\xb4\xff\xbc\x9b\x00\xf9i\x9eL\\z\xe47\x83~\xfeO\xe3\'C\xf9\xd3\xef 4{\xeb\xefN\xfe~3\xde\xcb_?\xcd\x86\xd5\xd3\x03::l\xf7\xaa\xffV\xf4\xf4\x85\x19)\xe2\x9e|\xa8FN\x874\x94\xd1g>^|h\xbf\x90RS\x87\xd1\x05=\xbf\xbf\x94C\xfa \xce>^-\xe6\'\xd3\x90\xde\x0cLS\xf7\x8e\x9e\x06\xd4l\x86\xcf{,\xe4\xc7vX\xf9q\x07>[g\x93\x16\x03j\xa9\x06&<\xbd\xe4\xa6\x8e\xbf\xbf\x99\r\xa8\xd9h\x8f\x96\x1a\xe3\xbd\x91\x19*\xbb\xea6\x7fk\xfd\xc5\xc7\xd1=ds\x97\xac\xb4G\xcb\rq\xde\xcb$\xbb\xbc\x1aO\xcd4\x12\x87\xd3\xfb\xf9\xb6\x7f\xdcXA\xcfvG\x0b\xeb-\x11\xf2\xc3\\w\xb29\x92\xaf\xda\xc6,(%\xf8}i\xab\xf6rU\xa4\xf1\xd3\xc5\xbd\x98\xa4O>T#=:{\xc7\xbb"2S\xc5<\xf9P\x8f\xc6\x7fh%4R>\\z\xe4\xe9]<\xf9y\xf7\xfb\xbb\xc1\x89\x8a~\xf1\xd3\xc6Y)\xe3\xe8|\xbfk\xfd\xe5\xb0\xda\xa9\xfd\x9e<zh\xcf{/\xb99d6\xa3e\xeb\xfbN\x00\xf3\xf7\xb1\x9d7\x83O\xed<<g\xdf\xb3\xc7:x\'\x9fN\x00\xd3\xe84~\xef\xfd\x9fE\xfd\x8c\xfe\xef#<\xfd\xcciwx1)}\x1f\xbb\xb29\x92\x9c!\x93\x14\xf4GV\xda\xf9\x8b\x08?yl6{\xd9g\xe7\xcb\xc1\xb5\x1b,\xfc\xf9x\xf3\x90\xde\r\xcf\x90}d\xe9\\e\xf5\x95?\xbf\x9bO\x18\xb6\x1bQ\xb2\xf8\xe7\xf9\xa7\xdc\x82\x7f\xd7\xed\xec\x88\xc9V\xda\xe3\xe5\xc7\xdc\x98\xb0\xa4\x97\xb29\xa3y=i\xbf\xa1\xad[\xfa\x8bF0\xc9\x9e\xf6_\x7f\xbf\x9a}\x8f\x93\xf6\xfe\n\x8e\xb9:\x1c\xda9d\x06\x8e\\\xfdi\xf7\xcd:7\xe5\x9fA\x80\r\x02\xd1\xe7?,\xb4\xea\xbf\xc1:zI>\x9cZ\x05\xa3\xa6F\x7fo\xd1\xd3!\xbc\x18\x7f\x9ae\xe7\xc9\xbe\xf1\xd5Bcg\x8f\xbc\x9d+\xa7\x9f/>\xff\x7f\x00\xbe\xde\xd1p\xbep\xe4h\xcdM\xa739%\xdb\xc5\xf9\xf7c\xc3\xd0{\xdc\xd9z_C\x1aK\xd52\x19%\xc1\xf6\xa2#Z\xc2\xcbaQ:\xc9?R\xd5\x07\x1b|\xcd\x87\xc6l"\x92\xf3\x7f\x9f\xbe\x89e\x1f\x80\xf7\xb3\\\x82\x0b '
[ 2024-08-23 10:42:49,467 ] httpcore.http2 - DEBUG - send_request_headers.complete
[ 2024-08-23 10:42:49,468 ] httpcore.http2 - DEBUG - send_request_body.started request=<Request [b'POST']> stream_id=1
[ 2024-08-23 10:42:49,468 ] httpcore.http2 - DEBUG - send_request_body.complete
[ 2024-08-23 10:42:49,468 ] httpcore.http2 - DEBUG - receive_response_headers.started request=<Request [b'POST']> stream_id=1
[ 2024-08-23 10:42:49,594 ] httpcore.http2 - DEBUG - receive_remote_settings.started
[ 2024-08-23 10:42:49,594 ] httpcore.http2 - DEBUG - receive_remote_settings.complete return_value=<RemoteSettingsChanged changed_settings:{ChangedSetting(setting=3, original_value=None, new_value=100), ChangedSetting(setting=4, original_value=65535, new_value=65536), ChangedSetting(setting=5, original_value=16384, new_value=16777215)}>
[ 2024-08-23 10:42:50,700 ] hpack.hpack - DEBUG - Decoding b'?\xe1\x1f\x88a\x96\xc3a\xbe\x94\x13*Cl\xca\x08\x02i@7p"\xb8\xd8T\xc5\xa3\x7f_\x8b\x1du\xd0b\r&=LtA\xea@\x85$\xabX?_\x8fz7^|\x82\x08\xdfy\xe9Zx\x0b]\xd5\xa3@\x8a$\xab\x10d\x9c\xab!#M\xa8\x86\xbf\xcfL:2^w\xff\x90\x05Dk\x0c\x84*\x10\xb2O\xd4\xb5@_Yg\x8f\x11\r\xa8\xd9rp\xf7\x90:M\x91\x19)M\x7f\xb7\xb29\x93\xa6Qgg\x8d\xff\xdb\xf4\x1bF\x00\xd3\xa1\x9a7s\xeb\xc0\xd9\xefe\x01\x7f!6\xa3e\xcd\xc4;\r.\xc5\xcb\xeb-dgA\xb5\x1b)\xe4\xc7\xb7\xc1=\x9f\xbevx\xf4&,\xa0\x8e\x9a\'&*)\xfd\xc5\xb7\xc1\x05G\x899\'\xcez\xb4\x84\x98\xb0\x9b\x9f\xe6\x9a3\xd3\xa7\xbeqa\x0c\x98\xa6\xef\'L\x06\xcf{/\xb99d6\xa3e\xeb\xfbN\x00\xf3\xf7\xb1\x9d7\x83O\xed<<g\xdf\xb3\xc7:x\'\x9fN\x00\xd3\xe84~\xef\xfd\x9fE\xfd\x8c\xfe\xef#<\xfd\xccl\xf7\xb2\xcf\'-\x86\xd4l\xb3\xc9\xf9\xb4\xff\xbc\x9b\x00\xf9i\x9eL\\z\xe47\x83~\xfeO\xe3\'C\xf9\xd3\xef 4{\xeb\xefN\xf2y\xcf{-|\xff6\x1bWL\x0c\xe8\xe9\xb3\xde\xab\xfd[\xd3\xef\x022S\xc5<\xf9P\x8c\x9d\x0ei)\xa2\xce|\xbc\xf8\xd1\x7f \xa4\xa7\x0f\xa2\n{\x7f\x7f(\x87\xf4A\x9c|\xbc[\xccO\xa7!\xbc\x18\x98\xa7\xef\x1d<\r\xa8\xd9\r\x9e\xf6Y\xc9\x8e\xec\xb1\xf2\xe2\x0e|\xb6\xcf&,\x06\xd5R\x0cLy{\xc9M\x1d\x7f\x7f2\x1bQ\xb2\xd1\x1f,5\xc7{"2Uw\xd4l\xfe\xd7\xfb\x8b\x8f\xa2z\xc8\xe7/Yh\x8f\x96\x1a\xe3\xbd\x96Iwx4\x9f\x9ah%\x0f\xa7\xf7\xf3l\xff\xb8\xb0\x83\x9e\xec\x8e\x17\xd6Z#\xe5\x86\xb8\xefds%_\xb5\x8cXPK\xf0\xfa\xd3W\xec\xe4\xabI\xe3\xa7\x8b{1H\x9e|\xa8Fzt\xf7\x8fvDd\xa7\x8ay\xf2\xa1\x1f\x8c\xfe\xd0Jh\xa4|\xb8\xf5\xc9\xd2\xbay\xf2\xf3\xef\xf7w\x83\x13\x14\xfd\xe3\xa7\x8c\xb2S\xc7\xd0\xf9~\xd7\xfb\xcba\xb5S\xfb<x\xf4\xd1\x9e\xf6_rr\xc8mF\xcb\xd7\xf6\x9c\x01\xe7\xefc:o\x06\x9f\xdaxx\xcf\xbfg\x8et\xf0O>\x9c\x01\xa7\xd0h\xfd\xdf\xfb>\x8b\xfb\x19\xfd\xdeFy\xfb\x98\xd2\xee\xf0bR\xfa?wds%8C&)\xe8\x8e\xad\xb5\xf3\x16\x10~\xf2\xd8l\xf7\xb2\xcf\xcf\x97\x83j6Y\xf9\xf2\xf1\xe7!\xbc\x1b\x9f \xfa\xc9\xd2\xb8\xcb\xeb*\x7f\x7f6\x9e1l6\xa3e\xf1\xcf\xf3O\xb9\x04\xff\xaf\xdb\xd9\x11\x92\xad\xb5\xc7\xcb\x8f\xb91aI/dsF\xf2z\xd3\x7fCZ\xb7\xf5gG\xe0d\xcf{/\xbf\xdf\xcd>\xc7\xc9\xfb\x7f\x05G\\\x9d\x0eo\xdb\xf8M\xfb\xd3\xf6};\xf9\xa7E\xfc\x1e\xb5^\x00?o\xe96~Yi\xd3\xbf\x9ay\xf4\xe1\xe7W,&\xd5\xcb\x8fO\xde\\\x19\xc8o\x06\x1f\xe6\x99y\xf2o\xbcuP\x98\xd9\xe3\xef\'J\xe9\xe7\xcb\xcf\xbf\xdf\xc0/U\xea\\\x85\xe9f\xa8\x0f-\xb7\x86\x9e\xf8\xb0\xd5\xefUY\'=\xe9\x01\xc5\xb6\xban\xbd3\xb3\x0f\x04\xb1V\xd7\xda\x9a\xc6\x99\xe0c\xedL\x1ek5\x85D\x1b\x86\x9f\xa5\x04\xd2\x90\xdb2\x82\x00\x9aP\r\xdc\x08\xae6\x151h\xdf\xf6\xa6\x81\xf9Z\x19\x8b\x03\xce4\x00}\xa9\x8d)\xafUTz\xfbSqIm\x85x\x9a\xa4~V\x1c\xc5\x81\x90\xb6\xcb\x80\x00>\xd45D\xa2\xd9\x0b\xba\xd8\xef\x9e\x91\x9a\xa4\x7f{\x91\xd5a\xa65_JBB\x16\xb4\xad\x82\xa2\x1eCU7@\x8dDkL4\x97\xc0\xfd-\xdc\xb6 \xc7\xab\x011w\xdbDkXYl*\'Y\'\xeaZ\xa0\xe3\xdf\x1d\xb7|\xe1\xeb\x97c\xf8?4m\x94\x98\xe1\xca\xe4\xdfjk\x1ag\x81\x8f\xb50y\xac\xd6\x15\x10n\x1a~\x94\x13JCl\xca\x08\x02i@7p"\xb8\xd8T\xc5\xa3\x7f\xda\x9a\x07\xe5hf,\x0f8\xd0\x01\xf6\xa64\xa6\xbdUQ\xeb\xedM\xc5%\xb6\x17@\x95\xf2\xb1j\xee\x7fK[Z\x13aGJ\xc8-\x9d\xccB\xac\x93R_\x0293v\x87%\x07\xb6Ih\x1d\x85Z\x83\x9b\xd9\xab@\x85\x1d\tY\x1d\xc9\x90\x9d\x98?\x9b\x8d4\xcf\xf3\xf6\xa5#\x81\xe7\x1a\x00?'
[ 2024-08-23 10:42:50,701 ] hpack.hpack - DEBUG - Decoded 4096, consumed 3 bytes
[ 2024-08-23 10:42:50,701 ] hpack.table - DEBUG - Resizing header table to 4096 from 4096
[ 2024-08-23 10:42:50,701 ] hpack.hpack - DEBUG - Decoded 8, consumed 1 bytes
[ 2024-08-23 10:42:50,701 ] hpack.hpack - DEBUG - Decoded (b':status', b'200'), consumed 1
[ 2024-08-23 10:42:50,701 ] hpack.hpack - DEBUG - Decoded 33, consumed 1 bytes
[ 2024-08-23 10:42:50,701 ] hpack.hpack - DEBUG - Decoded 22, consumed 1 bytes
[ 2024-08-23 10:42:50,701 ] hpack.hpack - DEBUG - Decoded (b'date', b'Fri, 23 Aug 2024 05:12:51 GMT'), total consumed 24 bytes, indexed True
[ 2024-08-23 10:42:50,702 ] hpack.hpack - DEBUG - Decoded 31, consumed 1 bytes
[ 2024-08-23 10:42:50,702 ] hpack.hpack - DEBUG - Decoded 11, consumed 1 bytes
[ 2024-08-23 10:42:50,703 ] hpack.hpack - DEBUG - Decoded (b'content-type', b'application/json'), total consumed 13 bytes, indexed True
[ 2024-08-23 10:42:50,703 ] hpack.hpack - DEBUG - Decoded 5, consumed 1 bytes
[ 2024-08-23 10:42:50,704 ] hpack.hpack - DEBUG - Decoded 15, consumed 1 bytes
[ 2024-08-23 10:42:50,704 ] hpack.hpack - DEBUG - Decoded (b'cf-ray', b'8b789c21a988f480-BOM'), total consumed 23 bytes, indexed True
[ 2024-08-23 10:42:50,704 ] hpack.hpack - DEBUG - Decoded 10, consumed 1 bytes
[ 2024-08-23 10:42:50,704 ] hpack.hpack - DEBUG - Decoded 6, consumed 1 bytes
[ 2024-08-23 10:42:50,704 ] hpack.hpack - DEBUG - Decoded (b'cf-cache-status', b'DYNAMIC'), total consumed 19 bytes, indexed True
[ 2024-08-23 10:42:50,705 ] hpack.hpack - DEBUG - Decoded 55, consumed 1 bytes
[ 2024-08-23 10:42:50,705 ] hpack.hpack - DEBUG - Decoded 783, consumed 3 bytes
[ 2024-08-23 10:42:50,705 ] hpack.hpack - DEBUG - Decoded (b'set-cookie', b'sb-access-token=eyJhbGciOiJIUzI1NiIsImtpZCI6IjJ2L3VDZDliME1mM3lSYkUiLCJ0eXAiOiJKV1QifQ.eyJpc3MiOiJodHRwczovL3VjcGJ0bmlhcGlmZGRwc2lwdWtxLnN1cGFiYXNlLmNvL2F1dGgvdjEiLCJzdWIiOiJkZmE1YzQ3NC1mZmUwLTQwYmUtYjU0Ny1lZTZhMDQ3ZTc3YzgiLCJhdWQiOiJhdXRoZW50aWNhdGVkIiwiZXhwIjoxNzI0MzkzNTcxLCJpYXQiOjE3MjQzODk5NzEsImVtYWlsIjoidmlrYWxwMDI2dmFyc2huZXlAZ21haWwuY29tIiwicGhvbmUiOiIiLCJhcHBfbWV0YWRhdGEiOnsicHJvdmlkZXIiOiJlbWFpbCIsInByb3ZpZGVycyI6WyJlbWFpbCJdfSwidXNlcl9tZXRhZGF0YSI6eyJlbWFpbCI6InZpa2FscDAyNnZhcnNobmV5QGdtYWlsLmNvbSIsImVtYWlsX3ZlcmlmaWVkIjpmYWxzZSwicGhvbmVfdmVyaWZpZWQiOmZhbHNlLCJzdWIiOiJkZmE1YzQ3NC1mZmUwLTQwYmUtYjU0Ny1lZTZhMDQ3ZTc3YzgifSwicm9sZSI6ImF1dGhlbnRpY2F0ZWQiLCJhYWwiOiJhYWwxIiwiYW1yIjpbeyJtZXRob2QiOiJwYXNzd29yZCIsInRpbWVzdGFtcCI6MTcyNDM4OTk3MX1dLCJzZXNzaW9uX2lkIjoiZDFiZjZhNTYtMDEyOC00ZDNiLWJmNTYtYjUxOWFiOWVjZWU3IiwiaXNfYW5vbnltb3VzIjpmYWxzZX0.nCm6A8fgn08-RUNvGFnzOnIhoCd0V54jSCg7gaEf_p4; Path=/; Expires=Sat, 24 Aug 2024 05:12:51 GMT; Max-Age=86400; HttpOnly; Secure'), total consumed 787 bytes, indexed True
[ 2024-08-23 10:42:50,705 ] hpack.hpack - DEBUG - Decoded 56, consumed 1 bytes
[ 2024-08-23 10:42:50,705 ] hpack.hpack - DEBUG - Decoded 26, consumed 1 bytes
[ 2024-08-23 10:42:50,705 ] hpack.hpack - DEBUG - Decoded (b'strict-transport-security', b'max-age=31536000; includeSubDomains'), total consumed 28 bytes, indexed True
[ 2024-08-23 10:42:50,705 ] hpack.hpack - DEBUG - Decoded 59, consumed 1 bytes
[ 2024-08-23 10:42:50,705 ] hpack.hpack - DEBUG - Decoded 17, consumed 1 bytes
[ 2024-08-23 10:42:50,705 ] hpack.hpack - DEBUG - Decoded (b'vary', b'Origin, Accept-Encoding'), total consumed 19 bytes, indexed True
[ 2024-08-23 10:42:50,705 ] hpack.hpack - DEBUG - Decoded 13, consumed 1 bytes
[ 2024-08-23 10:42:50,706 ] hpack.hpack - DEBUG - Decoded 1, consumed 1 bytes
[ 2024-08-23 10:42:50,706 ] hpack.hpack - DEBUG - Decoded (b'sb-gateway-version', <memory at 0x0000022F71B9FD00>), total consumed 17 bytes, indexed True
[ 2024-08-23 10:42:50,706 ] hpack.hpack - DEBUG - Decoded 55, consumed 1 bytes
[ 2024-08-23 10:42:50,706 ] hpack.hpack - DEBUG - Decoded 91, consumed 1 bytes
[ 2024-08-23 10:42:50,706 ] hpack.hpack - DEBUG - Decoded (b'set-cookie', b'sb-refresh-token=VvHuBxFkJQ9EXMRfcHAJ6g; Path=/; Expires=Sat, 24 Aug 2024 05:12:51 GMT; Max-Age=86400; HttpOnly; Secure'), total consumed 93 bytes, indexed True
[ 2024-08-23 10:42:50,706 ] hpack.hpack - DEBUG - Decoded 21, consumed 1 bytes
[ 2024-08-23 10:42:50,706 ] hpack.hpack - DEBUG - Decoded 2, consumed 1 bytes
[ 2024-08-23 10:42:50,706 ] hpack.hpack - DEBUG - Decoded (b'x-envoy-upstream-service-time', <memory at 0x0000022F71B9F340>), total consumed 26 bytes, indexed True
[ 2024-08-23 10:42:50,706 ] hpack.hpack - DEBUG - Decoded 54, consumed 1 bytes
[ 2024-08-23 10:42:50,706 ] hpack.hpack - DEBUG - Decoded 7, consumed 1 bytes
[ 2024-08-23 10:42:50,706 ] hpack.hpack - DEBUG - Decoded (b'server', b'cloudflare'), total consumed 9 bytes, indexed True
[ 2024-08-23 10:42:50,706 ] hpack.hpack - DEBUG - Decoded 26, consumed 1 bytes
[ 2024-08-23 10:42:50,706 ] hpack.hpack - DEBUG - Decoded 3, consumed 1 bytes
[ 2024-08-23 10:42:50,706 ] hpack.hpack - DEBUG - Decoded (b'content-encoding', b'gzip'), total consumed 5 bytes, indexed True
[ 2024-08-23 10:42:50,706 ] hpack.hpack - DEBUG - Decoded 5, consumed 1 bytes
[ 2024-08-23 10:42:50,706 ] hpack.hpack - DEBUG - Decoded 16, consumed 1 bytes
[ 2024-08-23 10:42:50,707 ] hpack.hpack - DEBUG - Decoded (b'alt-svc', b'h3=":443"; ma=86400'), total consumed 24 bytes, indexed True
[ 2024-08-23 10:42:50,707 ] httpcore.http2 - DEBUG - receive_response_headers.complete return_value=(200, [(b'date', b'Fri, 23 Aug 2024 05:12:51 GMT'), (b'content-type', b'application/json'), (b'cf-ray', b'8b789c21a988f480-BOM'), (b'cf-cache-status', b'DYNAMIC'), (b'set-cookie', b'sb-access-token=eyJhbGciOiJIUzI1NiIsImtpZCI6IjJ2L3VDZDliME1mM3lSYkUiLCJ0eXAiOiJKV1QifQ.eyJpc3MiOiJodHRwczovL3VjcGJ0bmlhcGlmZGRwc2lwdWtxLnN1cGFiYXNlLmNvL2F1dGgvdjEiLCJzdWIiOiJkZmE1YzQ3NC1mZmUwLTQwYmUtYjU0Ny1lZTZhMDQ3ZTc3YzgiLCJhdWQiOiJhdXRoZW50aWNhdGVkIiwiZXhwIjoxNzI0MzkzNTcxLCJpYXQiOjE3MjQzODk5NzEsImVtYWlsIjoidmlrYWxwMDI2dmFyc2huZXlAZ21haWwuY29tIiwicGhvbmUiOiIiLCJhcHBfbWV0YWRhdGEiOnsicHJvdmlkZXIiOiJlbWFpbCIsInByb3ZpZGVycyI6WyJlbWFpbCJdfSwidXNlcl9tZXRhZGF0YSI6eyJlbWFpbCI6InZpa2FscDAyNnZhcnNobmV5QGdtYWlsLmNvbSIsImVtYWlsX3ZlcmlmaWVkIjpmYWxzZSwicGhvbmVfdmVyaWZpZWQiOmZhbHNlLCJzdWIiOiJkZmE1YzQ3NC1mZmUwLTQwYmUtYjU0Ny1lZTZhMDQ3ZTc3YzgifSwicm9sZSI6ImF1dGhlbnRpY2F0ZWQiLCJhYWwiOiJhYWwxIiwiYW1yIjpbeyJtZXRob2QiOiJwYXNzd29yZCIsInRpbWVzdGFtcCI6MTcyNDM4OTk3MX1dLCJzZXNzaW9uX2lkIjoiZDFiZjZhNTYtMDEyOC00ZDNiLWJmNTYtYjUxOWFiOWVjZWU3IiwiaXNfYW5vbnltb3VzIjpmYWxzZX0.nCm6A8fgn08-RUNvGFnzOnIhoCd0V54jSCg7gaEf_p4; Path=/; Expires=Sat, 24 Aug 2024 05:12:51 GMT; Max-Age=86400; HttpOnly; Secure'), (b'strict-transport-security', b'max-age=31536000; includeSubDomains'), (b'vary', b'Origin, Accept-Encoding'), (b'sb-gateway-version', b'1'), (b'set-cookie', b'sb-refresh-token=VvHuBxFkJQ9EXMRfcHAJ6g; Path=/; Expires=Sat, 24 Aug 2024 05:12:51 GMT; Max-Age=86400; HttpOnly; Secure'), (b'x-envoy-upstream-service-time', b'93'), (b'server', b'cloudflare'), (b'content-encoding', b'gzip'), (b'alt-svc', b'h3=":443"; ma=86400')])
[ 2024-08-23 10:42:50,707 ] httpx - INFO - HTTP Request: POST https://ucpbtniapifddpsipukq.supabase.co/auth/v1/token?grant_type=password "HTTP/2 200 OK"
[ 2024-08-23 10:42:50,707 ] httpcore.http2 - DEBUG - receive_response_body.started request=<Request [b'POST']> stream_id=1
[ 2024-08-23 10:42:50,708 ] httpcore.http2 - DEBUG - receive_response_body.complete
[ 2024-08-23 10:42:50,708 ] httpcore.http2 - DEBUG - response_closed.started stream_id=1
[ 2024-08-23 10:42:50,708 ] httpcore.http2 - DEBUG - response_closed.complete
[ 2024-08-23 10:42:50,710 ] root - INFO - Login attempt for email: vikalp026varshney@gmail.com
[ 2024-08-23 10:42:50,710 ] werkzeug - INFO - 127.0.0.1 - - [23/Aug/2024 10:42:50] "[32mPOST /login HTTP/1.1[0m" 302 -
[ 2024-08-23 10:42:50,714 ] chat_app - INFO - Index route called
[ 2024-08-23 10:42:50,714 ] chat_app - INFO - User authenticated, rendering index.html
[ 2024-08-23 10:42:50,715 ] werkzeug - INFO - 127.0.0.1 - - [23/Aug/2024 10:42:50] "GET / HTTP/1.1" 200 -
[ 2024-08-23 10:42:50,737 ] werkzeug - INFO - 127.0.0.1 - - [23/Aug/2024 10:42:50] "[33mGET /static/script.js HTTP/1.1[0m" 404 -
[ 2024-08-23 10:42:50,743 ] werkzeug - INFO - 127.0.0.1 - - [23/Aug/2024 10:42:50] "[33mGET /static/chatbot.css HTTP/1.1[0m" 404 -
[ 2024-08-23 10:42:50,744 ] werkzeug - INFO - 127.0.0.1 - - [23/Aug/2024 10:42:50] "[36mGET /static/style.css HTTP/1.1[0m" 304 -
[ 2024-08-23 10:42:50,762 ] werkzeug - INFO - 127.0.0.1 - - [23/Aug/2024 10:42:50] "[33mGET /static/chatbot.css HTTP/1.1[0m" 404 -
[ 2024-08-23 10:42:50,794 ] werkzeug - INFO - 127.0.0.1 - - [23/Aug/2024 10:42:50] "[33mGET /static/script.js HTTP/1.1[0m" 404 -
[ 2024-08-23 10:42:50,826 ] werkzeug - INFO - 127.0.0.1 - - [23/Aug/2024 10:42:50] "GET /static/vivi.png HTTP/1.1" 200 -
[ 2024-08-23 10:42:50,830 ] werkzeug - INFO - 127.0.0.1 - - [23/Aug/2024 10:42:50] "[36mGET /static/new_latest.jpg HTTP/1.1[0m" 304 -
[ 2024-08-23 10:42:50,833 ] werkzeug - INFO - 127.0.0.1 - - [23/Aug/2024 10:42:50] "[36mGET /static/2nd_his.jpg HTTP/1.1[0m" 304 -
[ 2024-08-23 10:42:50,836 ] werkzeug - INFO - 127.0.0.1 - - [23/Aug/2024 10:42:50] "[36mGET /static/chatbot.png HTTP/1.1[0m" 304 -
[ 2024-08-23 10:43:09,317 ] chat_app - ERROR - Error in chat route: 'msg'
[ 2024-08-23 10:43:09,317 ] werkzeug - INFO - 127.0.0.1 - - [23/Aug/2024 10:43:09] "[35m[1mPOST /get HTTP/1.1[0m" 500 -
[ 2024-08-23 10:44:49,943 ] werkzeug - INFO -  * Detected change in 'D:\\VIVI_AI\\chat_app.py', reloading
