[ 2024-08-23 10:44:59,378 ] httpx - DEBUG - load_ssl_context verify=True cert=None trust_env=True http2=False
[ 2024-08-23 10:44:59,390 ] httpx - DEBUG - load_verify_locations cafile='D:\\VIVI_AI\\yogo\\Library\\ssl\\cacert.pem'
[ 2024-08-23 10:45:01,731 ] httpx - DEBUG - load_ssl_context verify=True cert=None trust_env=True http2=False
[ 2024-08-23 10:45:01,731 ] httpx - DEBUG - load_verify_locations cafile='D:\\VIVI_AI\\yogo\\Library\\ssl\\cacert.pem'
[ 2024-08-23 10:45:02,000 ] httpx - DEBUG - load_ssl_context verify=True cert=None trust_env=True http2=False
[ 2024-08-23 10:45:02,000 ] httpx - DEBUG - load_verify_locations cafile='D:\\VIVI_AI\\yogo\\Library\\ssl\\cacert.pem'
[ 2024-08-23 10:45:02,421 ] faiss.loader - DEBUG - Environment variable FAISS_OPT_LEVEL is not set, so let's pick the instruction set according to the current CPU
[ 2024-08-23 10:45:02,421 ] faiss.loader - INFO - Loading faiss with AVX2 support.
[ 2024-08-23 10:45:02,448 ] faiss.loader - INFO - Successfully loaded faiss with AVX2 support.
[ 2024-08-23 10:45:02,614 ] matplotlib - DEBUG - matplotlib data path: D:\VIVI_AI\yogo\Lib\site-packages\matplotlib\mpl-data
[ 2024-08-23 10:45:02,621 ] matplotlib - DEBUG - CONFIGDIR=C:\Users\PC\.matplotlib
[ 2024-08-23 10:45:02,625 ] matplotlib - DEBUG - interactive is False
[ 2024-08-23 10:45:02,625 ] matplotlib - DEBUG - platform is win32
[ 2024-08-23 10:45:02,710 ] matplotlib - DEBUG - CACHEDIR=C:\Users\PC\.matplotlib
[ 2024-08-23 10:45:02,718 ] matplotlib.font_manager - DEBUG - Using fontManager instance from C:\Users\PC\.matplotlib\fontlist-v390.json
[ 2024-08-23 10:45:03,591 ] matplotlib.pyplot - DEBUG - Loaded backend Agg version v2.2.
[ 2024-08-23 10:45:03,615 ] werkzeug - WARNING -  * Debugger is active!
[ 2024-08-23 10:45:03,627 ] werkzeug - INFO -  * Debugger PIN: 331-538-268
[ 2024-08-23 10:45:03,644 ] chat_app - INFO - Index route called
[ 2024-08-23 10:45:03,648 ] chat_app - INFO - No authenticated user found, redirecting to login
[ 2024-08-23 10:45:03,648 ] werkzeug - INFO - 127.0.0.1 - - [23/Aug/2024 10:45:03] "[32mGET / HTTP/1.1[0m" 302 -
[ 2024-08-23 10:45:03,662 ] werkzeug - INFO - 127.0.0.1 - - [23/Aug/2024 10:45:03] "GET /login HTTP/1.1" 200 -
[ 2024-08-23 10:45:03,781 ] werkzeug - INFO - 127.0.0.1 - - [23/Aug/2024 10:45:03] "[36mGET /static/loginform.css HTTP/1.1[0m" 304 -
[ 2024-08-23 10:45:03,781 ] werkzeug - INFO - 127.0.0.1 - - [23/Aug/2024 10:45:03] "[36mGET /static/google.png HTTP/1.1[0m" 304 -
[ 2024-08-23 10:45:06,854 ] httpcore.connection - DEBUG - connect_tcp.started host='ucpbtniapifddpsipukq.supabase.co' port=443 local_address=None timeout=5.0 socket_options=None
[ 2024-08-23 10:45:07,004 ] httpcore.connection - DEBUG - connect_tcp.complete return_value=<httpcore._backends.sync.SyncStream object at 0x000001ECE655A6D0>
[ 2024-08-23 10:45:07,004 ] httpcore.connection - DEBUG - start_tls.started ssl_context=<ssl.SSLContext object at 0x000001ECA9B49910> server_hostname='ucpbtniapifddpsipukq.supabase.co' timeout=5.0
[ 2024-08-23 10:45:07,133 ] httpcore.connection - DEBUG - start_tls.complete return_value=<httpcore._backends.sync.SyncStream object at 0x000001ECE65F9D10>
[ 2024-08-23 10:45:07,134 ] httpcore.http2 - DEBUG - send_connection_init.started request=<Request [b'POST']>
[ 2024-08-23 10:45:07,134 ] httpcore.http2 - DEBUG - send_connection_init.complete
[ 2024-08-23 10:45:07,134 ] httpcore.http2 - DEBUG - send_request_headers.started request=<Request [b'POST']> stream_id=1
[ 2024-08-23 10:45:07,134 ] hpack.hpack - DEBUG - Adding (b':method', b'POST') to the header table, sensitive:False, huffman:True
[ 2024-08-23 10:45:07,134 ] hpack.hpack - DEBUG - Encoding 3 with 7 bits
[ 2024-08-23 10:45:07,134 ] hpack.hpack - DEBUG - Adding (b':authority', b'ucpbtniapifddpsipukq.supabase.co') to the header table, sensitive:False, huffman:True
[ 2024-08-23 10:45:07,134 ] hpack.hpack - DEBUG - Encoding 1 with 6 bits
[ 2024-08-23 10:45:07,134 ] hpack.hpack - DEBUG - Encoding 23 with 7 bits
[ 2024-08-23 10:45:07,134 ] hpack.hpack - DEBUG - Adding (b':scheme', b'https') to the header table, sensitive:False, huffman:True
[ 2024-08-23 10:45:07,134 ] hpack.hpack - DEBUG - Encoding 7 with 7 bits
[ 2024-08-23 10:45:07,134 ] hpack.hpack - DEBUG - Adding (b':path', b'/auth/v1/token?grant_type=password') to the header table, sensitive:False, huffman:True
[ 2024-08-23 10:45:07,134 ] hpack.hpack - DEBUG - Encoding 4 with 6 bits
[ 2024-08-23 10:45:07,134 ] hpack.hpack - DEBUG - Encoding 25 with 7 bits
[ 2024-08-23 10:45:07,134 ] hpack.hpack - DEBUG - Adding (b'accept', b'*/*') to the header table, sensitive:False, huffman:True
[ 2024-08-23 10:45:07,134 ] hpack.hpack - DEBUG - Encoding 19 with 6 bits
[ 2024-08-23 10:45:07,134 ] hpack.hpack - DEBUG - Encoding 3 with 7 bits
[ 2024-08-23 10:45:07,134 ] hpack.hpack - DEBUG - Adding (b'accept-encoding', b'gzip, deflate') to the header table, sensitive:False, huffman:True
[ 2024-08-23 10:45:07,134 ] hpack.hpack - DEBUG - Encoding 16 with 7 bits
[ 2024-08-23 10:45:07,134 ] hpack.hpack - DEBUG - Adding (b'user-agent', b'python-httpx/0.27.0') to the header table, sensitive:False, huffman:True
[ 2024-08-23 10:45:07,134 ] hpack.hpack - DEBUG - Encoding 58 with 6 bits
[ 2024-08-23 10:45:07,134 ] hpack.hpack - DEBUG - Encoding 14 with 7 bits
[ 2024-08-23 10:45:07,134 ] hpack.hpack - DEBUG - Adding (b'x-client-info', b'supabase-py/2.7.2') to the header table, sensitive:False, huffman:True
[ 2024-08-23 10:45:07,134 ] hpack.hpack - DEBUG - Encoding 10 with 7 bits
[ 2024-08-23 10:45:07,134 ] hpack.hpack - DEBUG - Encoding 12 with 7 bits
[ 2024-08-23 10:45:07,134 ] hpack.hpack - DEBUG - Adding (b'apikey', b'eyJhbGciOiJIUzI1NiIsInR5cCI6IkpXVCJ9.eyJpc3MiOiJzdXBhYmFzZSIsInJlZiI6InVjcGJ0bmlhcGlmZGRwc2lwdWtxIiwicm9sZSI6ImFub24iLCJpYXQiOjE3MjM4MzE2NzQsImV4cCI6MjAzOTQwNzY3NH0.OScT9H0GnEsZYiV8wg2aBFwGAKUCRjOi9LhrzSn2R_w') to the header table, sensitive:False, huffman:True
[ 2024-08-23 10:45:07,134 ] hpack.hpack - DEBUG - Encoding 5 with 7 bits
[ 2024-08-23 10:45:07,134 ] hpack.hpack - DEBUG - Encoding 167 with 7 bits
[ 2024-08-23 10:45:07,134 ] hpack.hpack - DEBUG - Adding (b'authorization', b'Bearer eyJhbGciOiJIUzI1NiIsInR5cCI6IkpXVCJ9.eyJpc3MiOiJzdXBhYmFzZSIsInJlZiI6InVjcGJ0bmlhcGlmZGRwc2lwdWtxIiwicm9sZSI6ImFub24iLCJpYXQiOjE3MjM4MzE2NzQsImV4cCI6MjAzOTQwNzY3NH0.OScT9H0GnEsZYiV8wg2aBFwGAKUCRjOi9LhrzSn2R_w') to the header table, sensitive:True, huffman:True
[ 2024-08-23 10:45:07,134 ] hpack.hpack - DEBUG - Encoding 23 with 4 bits
[ 2024-08-23 10:45:07,134 ] hpack.hpack - DEBUG - Encoding 172 with 7 bits
[ 2024-08-23 10:45:07,134 ] hpack.hpack - DEBUG - Adding (b'x-supabase-api-version', b'2024-01-01') to the header table, sensitive:False, huffman:True
[ 2024-08-23 10:45:07,134 ] hpack.hpack - DEBUG - Encoding 16 with 7 bits
[ 2024-08-23 10:45:07,134 ] hpack.hpack - DEBUG - Encoding 7 with 7 bits
[ 2024-08-23 10:45:07,134 ] hpack.hpack - DEBUG - Adding (b'content-type', b'application/json;charset=UTF-8') to the header table, sensitive:False, huffman:True
[ 2024-08-23 10:45:07,134 ] hpack.hpack - DEBUG - Encoding 31 with 6 bits
[ 2024-08-23 10:45:07,134 ] hpack.hpack - DEBUG - Encoding 22 with 7 bits
[ 2024-08-23 10:45:07,134 ] hpack.hpack - DEBUG - Adding (b'content-length', b'130') to the header table, sensitive:False, huffman:True
[ 2024-08-23 10:45:07,134 ] hpack.hpack - DEBUG - Encoding 28 with 6 bits
[ 2024-08-23 10:45:07,134 ] hpack.hpack - DEBUG - Encoding 2 with 7 bits
[ 2024-08-23 10:45:07,134 ] hpack.hpack - DEBUG - Encoded header block to b"\x83A\x97\xb4\x95\xc6\x9a\x8c:\xcd,\x92V\x83Wo^\xcb\xa2\xda\xc7\x18\xd0U\xc8\x7f\x87D\x99`v\xa6v;\x85\x84\x9f\xa9j\xff&\xb0u&$\xfa\xac\xb0V4#\xc1\xec\x93S\x83\xf9c\xe7\x90z\x8e\xaf\xd2g=KN\x94\xd7\xe5\x80.'W\x07@\x8a\xf2\xb1(1jJ\xc6\xaaS\xff\x8cE\xb5\x8e1\xa0\xabW\xe9\x81.\xea\xe2@\x85\x1df\xea__\xff(/\xac\xb3\xc7\x88\x86\xd4l\xb98{\xc8\x1d&\xc8\x8c\x95ml\x97\xb29\x93\xad\x7f\x9coe}r\xfa\xcbY\x19\xd0mF\xcb\xeeO\xcb\xb3\xf3\xa7\x0f\xbf\xdd\xd9\x11\x92\xac\xb4~\x9b#\x99*\xe3\xd0\x98\xb2\x82:h\x9c\x98\xa8\xa7\xf7\x16\xdf\x04\x15\x1e$\xe4\x9f9\r\xe0\xc4\xa5\xf4~\xee\xc8\xe6Jp\xdb\x18\x9a6{\xd9k\xe7\xf9\xb0\xda\xba`gGM\rh\xf7\x80Z}\xecFJx\xb4K\xd9\x1c\xd1\xd2\x1fz\xb7\xec\xf1\xa7\xdf6t\xe3\x02\xfa\xb7\x13{\xf8\xc1\x8a\xac\x08\xfd\xe6n/x\x98C\xbb\x87\xc6(sp\xbd\xb7\xa6\xa3?\x9e{=\xee\xa8[b\xf1\x1f\x08\xff-\xbaQ\xd8[\x14/\xac\xb3\xc7\x88\x86\xd4l\xb98{\xc8\x1d&\xc8\x8c\x95ml\x97\xb29\x93\xad\x7f\x9coe}r\xfa\xcbY\x19\xd0mF\xcb\xeeO\xcb\xb3\xf3\xa7\x0f\xbf\xdd\xd9\x11\x92\xac\xb4~\x9b#\x99*\xe3\xd0\x98\xb2\x82:h\x9c\x98\xa8\xa7\xf7\x16\xdf\x04\x15\x1e$\xe4\x9f9\r\xe0\xc4\xa5\xf4~\xee\xc8\xe6Jp\xdb\x18\x9a6{\xd9k\xe7\xf9\xb0\xda\xba`gGM\rh\xf7\x80Z}\xecFJx\xb4K\xd9\x1c\xd1\xd2\x1fz\xb7\xec\xf1\xa7\xdf6t\xe3\x02\xfa\xb7\x13{\xf8\xc1\x8a\xac\x08\xfd\xe6n/x\x98C\xbb\x87\xc6(sp\xbd\xb7\xa6\xa3?\x9e{=\xee\xa8[b\xf1@\x90\xf2\xb2-\xacq\x8d\x05Xu\x99n\xe5\xb1\x06=_\x87\x10\x04\xd2\xc0\n\xc0\x0f_\x96\x1du\xd0b\r&=LtA\xea\xfb$\xe3\xb1\x05L\x1c7\xe1Y\xef\\\x82\x0b "
[ 2024-08-23 10:45:07,134 ] httpcore.http2 - DEBUG - send_request_headers.complete
[ 2024-08-23 10:45:07,134 ] httpcore.http2 - DEBUG - send_request_body.started request=<Request [b'POST']> stream_id=1
[ 2024-08-23 10:45:07,138 ] httpcore.http2 - DEBUG - send_request_body.complete
[ 2024-08-23 10:45:07,138 ] httpcore.http2 - DEBUG - receive_response_headers.started request=<Request [b'POST']> stream_id=1
[ 2024-08-23 10:45:07,201 ] httpcore.http2 - DEBUG - receive_remote_settings.started
[ 2024-08-23 10:45:07,201 ] httpcore.http2 - DEBUG - receive_remote_settings.complete return_value=<RemoteSettingsChanged changed_settings:{ChangedSetting(setting=3, original_value=None, new_value=100), ChangedSetting(setting=4, original_value=65535, new_value=65536), ChangedSetting(setting=5, original_value=16384, new_value=16777215)}>
[ 2024-08-23 10:45:08,333 ] hpack.hpack - DEBUG - Decoding b"?\xe1\x1f\x88a\x96\xc3a\xbe\x94\x13*Cl\xca\x08\x02i@7p-\xdc\x03\xcab\xd1\xbf_\x8b\x1du\xd0b\r&=LtA\xea@\x85$\xabX?_\x8fz7^~Wd\x1c\xb2\xc6\xd3\x83\x1a\xd7uh@\x8a$\xab\x10d\x9c\xab!#M\xa8\x86\xbf\xcfL:2^w\xff\x90\x05Dk\x0c\x84*\x10\xb2O\xd4\xb5@_Yg\x8f\x11\r\xa8\xd9rp\xf7\x90:M\x91\x19)M\x7f\xb7\xb29\x93\xa6Qgg\x8d\xff\xdb\xf4\x1bF\x00\xd3\xa1\x9a7s\xeb\xc0\xd9\xefe\x01\x7f!6\xa3e\xcd\xc4;\r.\xc5\xcb\xeb-dgA\xb5\x1b)\xe4\xc7\xb7\xc1=\x9f\xbevx\xf4&,\xa0\x8e\x9a'&*)\xfd\xc5\xb7\xc1\x05G\x899'\xcez\xb4\x84\x98\xb0\x9b\x9f\xe6\x9a3\xd3\xa7\xbeqa\x0c\x98\xa6\xef'L\x06\xcf{/\xb99d6\xa3e\xeb\xfbN\x00\xf3\xf7\xb1\x9d7\x83O\xed<<g\xdf\xb3\xc7:x'\x9fN\x00\xd3\xe84~\xef\xfd\x9fE\xfd\x8c\xfe\xef#<\xfd\xccl\xf7\xb2\xcf'-\x86\xd4l\xb3\xc9\xf9\xb4\xff\xbc\x9b\x00\xf9i\x9eL\\z\xe47\x83~\xfeO\xe3'C\xf9\xd3\xef 4{\xeb\xefO\xb8Z\xcf{-|\xff6\x1bWL\x0c\xe8\xe9\xb3\xde\xad\xf0\xf9\xd1~dd\xa7\x8ay\xf2\xa1\x19:\x1c\xd2SE\x9c\xf9y\xf1\xa2\xfeAIN\x1fD\x14\xf6\xfe\xfeQ\x0f\xe8\x838\xf9x\xb7\x98\x9fNCx11O\xde:x\x1bQ\xb2\x1b=\xec\xb3\x93\x1d\xd9c\xe5\xc4\x1c\xf9m\x9eLX\r\xaa\xa4\x18\x98\xf2\xf7\x92\x9a:\xfe\xfed6\xa3e\xa2>Xk\x8e\xf6Dd\xaa\xef\xa8\xd9\xfd\xaf\xf7\x17\x1fD\xf5\x91\xce^\xb2\xd1\x1f,5\xc7{,\x92\xee\xf0i?4\xd0J\x1fO\xef\xe6\xd9\xffqa\x07=\xd9\x1c/\xac\xb4G\xcb\rq\xde\xc8\xe6J\xbfk\x18\xb0\xa0\x97\xe1\xf5\xa6\xaf\xd9\xc9V\x93\xc7O\x16\xf6b\x91<\xf9P\x8c\xf4\xe9\xef\x1e\xec\x88\xc9O\x14\xf3\xe5B?\x19\xfd\xa0\x94\xd1H\xf9q\xeb\x93\xa5t\xf3\xe5\xe7\xdf\xee\xef\x06&)\xfb\xc7O\x19d\xa7\x8f\xa1\xf2\xfd\xaf\xf7\x96\xc3j\xa7\xf6x\xf1\xe9\xa3=\xec\xbe\xe4\xe5\x90\xda\x8d\x97\xaf\xed8\x03\xcf\xde\xc6t\xde\r?\xb4\xf0\xf1\x9f~\xcf\x1c\xe9\xe0\x9e}8\x03O\xa0\xd1\xfb\xbf\xf6}\x17\xf63\xfb\xbc\x8c\xf3\xf71\xa5\xdd\xe0\xc4\xa5\xf4~\xee\xc8\xe6Jp\x86LS\xd1\x1d[k\xe6, \xfd\xe5\xb0\xd9\xefe\x9f\x9f/\x06\xd4l\xb3\xf3\xe5\xe3\xceCx7>A\xf5\x93\xa5q\x97\xd6T\xfe\xfem<b\xd8mF\xcb\xe3\x9f\xe6\x9fr\t\xff_\xb7\xb2#%[k\x8f\x97\x1frb\xc2\x92^\xc8\xe6\x8d\xe4\xf5\xa6\xfe\x86\xf4_\xc1\xe3V0\xc9\x9e\xf6_\x7f\xbf\x9a}\x8f\x93\xf6\xfe\n\x8e\xb9:\x1c\xdc\xf9i7=\xf9\x03\xcf\xa6\x84\xfe\xf2\xc0-;\x80\r4\xed6}\xfd|i\x16\x84\xe8\xf7\xd4\x1a/\xcc\x1eb\xc0\xde\xab\xfa\x1a\xc8o\x06\x1f\xe6\x99y\xf2o\xbcuP\x98\xd9\xe3\xef'J\xe9\xe7\xcb\xcf\xbf\xdf\xc0/\x86T\x88\xaf\xe4\x7f\x83,\xe4G\xea\xde/C\x97f_9\xfabn?\xc7\xf3\x95\xac\x8f\xf9\xfd\x9fs=\xc1\xaf\x9f\xda\x9a\xc6\x99\xe0c\xedL\x1ek5\x85D\x1b\x86\x9f\xa5\x04\xd2\x90\xdb2\x82\x00\x9aP\r\xdc\x0bw\x00\xf2\x98\xb4o\xfbS@\xfc\xad\x0c\xc5\x81\xe7\x1a\x00>\xd4\xc6\x94\xd7\xaa\xaa=}\xa9\xb8\xa4\xb6\xc2\xffx\x9a\xa4~V\x1c\xc5\x81\x90\xb6\xcb\x80\x00>\xd45D\xa2\xd9\x0b\xba\xd8\xef\x9e\x91\x9a\xa4\x7f{\x91\xd5a\xa65_JBB\x16\xb4\xad\x82\xa2\x1eCU7@\x8dDkL4\x97\xc0\xfd-\xdc\xb6 \xc7\xab\x011w\xdbDkXYl*'Y'\xeaZ\xa0\xac\xd1C\xbd\xfe\x1c\xde\xd6\x0c\xbd\xb0n\xd9\x8f\xbeDQ\xb3\xedMcL\xf01\xf6\xa6\x0f5\x9a\xc2\xa2\r\xc3O\xd2\x82iHm\x99A\x00M(\x06\xee\x05\xbb\x80yLZ7\xfd\xa9\xa0~V\x86b\xc0\xf3\x8d\x00\x1fjcJk\xd5U\x1e\xbe\xd4\xdcR[a\x7f@\x95\xf2\xb1j\xee\x7fK[Z\x13aGJ\xc8-\x9d\xccB\xac\x93R_\x82\x08\x1dv\x87%\x07\xb6Ih\x1d\x85Z\x83\x9b\xd9\xab@\x85\x1d\tY\x1d\xc9\x90\x9d\x98?\x9b\x8d4\xcf\xf3\xf6\xa5#\x81\xe7\x1a\x00?"
[ 2024-08-23 10:45:08,337 ] hpack.hpack - DEBUG - Decoded 4096, consumed 3 bytes
[ 2024-08-23 10:45:08,337 ] hpack.table - DEBUG - Resizing header table to 4096 from 4096
[ 2024-08-23 10:45:08,337 ] hpack.hpack - DEBUG - Decoded 8, consumed 1 bytes
[ 2024-08-23 10:45:08,337 ] hpack.hpack - DEBUG - Decoded (b':status', b'200'), consumed 1
[ 2024-08-23 10:45:08,337 ] hpack.hpack - DEBUG - Decoded 33, consumed 1 bytes
[ 2024-08-23 10:45:08,337 ] hpack.hpack - DEBUG - Decoded 22, consumed 1 bytes
[ 2024-08-23 10:45:08,337 ] hpack.hpack - DEBUG - Decoded (b'date', b'Fri, 23 Aug 2024 05:15:08 GMT'), total consumed 24 bytes, indexed True
[ 2024-08-23 10:45:08,337 ] hpack.hpack - DEBUG - Decoded 31, consumed 1 bytes
[ 2024-08-23 10:45:08,337 ] hpack.hpack - DEBUG - Decoded 11, consumed 1 bytes
[ 2024-08-23 10:45:08,337 ] hpack.hpack - DEBUG - Decoded (b'content-type', b'application/json'), total consumed 13 bytes, indexed True
[ 2024-08-23 10:45:08,337 ] hpack.hpack - DEBUG - Decoded 5, consumed 1 bytes
[ 2024-08-23 10:45:08,337 ] hpack.hpack - DEBUG - Decoded 15, consumed 1 bytes
[ 2024-08-23 10:45:08,337 ] hpack.hpack - DEBUG - Decoded (b'cf-ray', b'8b789f7daffb46aa-BOM'), total consumed 23 bytes, indexed True
[ 2024-08-23 10:45:08,337 ] hpack.hpack - DEBUG - Decoded 10, consumed 1 bytes
[ 2024-08-23 10:45:08,341 ] hpack.hpack - DEBUG - Decoded 6, consumed 1 bytes
[ 2024-08-23 10:45:08,341 ] hpack.hpack - DEBUG - Decoded (b'cf-cache-status', b'DYNAMIC'), total consumed 19 bytes, indexed True
[ 2024-08-23 10:45:08,341 ] hpack.hpack - DEBUG - Decoded 55, consumed 1 bytes
[ 2024-08-23 10:45:08,341 ] hpack.hpack - DEBUG - Decoded 783, consumed 3 bytes
[ 2024-08-23 10:45:08,344 ] hpack.hpack - DEBUG - Decoded (b'set-cookie', b'sb-access-token=eyJhbGciOiJIUzI1NiIsImtpZCI6IjJ2L3VDZDliME1mM3lSYkUiLCJ0eXAiOiJKV1QifQ.eyJpc3MiOiJodHRwczovL3VjcGJ0bmlhcGlmZGRwc2lwdWtxLnN1cGFiYXNlLmNvL2F1dGgvdjEiLCJzdWIiOiJkZmE1YzQ3NC1mZmUwLTQwYmUtYjU0Ny1lZTZhMDQ3ZTc3YzgiLCJhdWQiOiJhdXRoZW50aWNhdGVkIiwiZXhwIjoxNzI0MzkzNzA4LCJpYXQiOjE3MjQzOTAxMDgsImVtYWlsIjoidmlrYWxwMDI2dmFyc2huZXlAZ21haWwuY29tIiwicGhvbmUiOiIiLCJhcHBfbWV0YWRhdGEiOnsicHJvdmlkZXIiOiJlbWFpbCIsInByb3ZpZGVycyI6WyJlbWFpbCJdfSwidXNlcl9tZXRhZGF0YSI6eyJlbWFpbCI6InZpa2FscDAyNnZhcnNobmV5QGdtYWlsLmNvbSIsImVtYWlsX3ZlcmlmaWVkIjpmYWxzZSwicGhvbmVfdmVyaWZpZWQiOmZhbHNlLCJzdWIiOiJkZmE1YzQ3NC1mZmUwLTQwYmUtYjU0Ny1lZTZhMDQ3ZTc3YzgifSwicm9sZSI6ImF1dGhlbnRpY2F0ZWQiLCJhYWwiOiJhYWwxIiwiYW1yIjpbeyJtZXRob2QiOiJwYXNzd29yZCIsInRpbWVzdGFtcCI6MTcyNDM5MDEwOH1dLCJzZXNzaW9uX2lkIjoiYWNiYTI1YjMtZWE2NS00NmRiLTkwN2MtMzk0MDg1Y2E5ODM4IiwiaXNfYW5vbnltb3VzIjpmYWxzZX0.Fft2e9I9U33IsZ-wCAJQJxLjG5bX9Le4I9xZhS3v0PY; Path=/; Expires=Sat, 24 Aug 2024 05:15:08 GMT; Max-Age=86400; HttpOnly; Secure'), total consumed 787 bytes, indexed True
[ 2024-08-23 10:45:08,344 ] hpack.hpack - DEBUG - Decoded 56, consumed 1 bytes
[ 2024-08-23 10:45:08,344 ] hpack.hpack - DEBUG - Decoded 26, consumed 1 bytes
[ 2024-08-23 10:45:08,344 ] hpack.hpack - DEBUG - Decoded (b'strict-transport-security', b'max-age=31536000; includeSubDomains'), total consumed 28 bytes, indexed True
[ 2024-08-23 10:45:08,346 ] hpack.hpack - DEBUG - Decoded 59, consumed 1 bytes
[ 2024-08-23 10:45:08,346 ] hpack.hpack - DEBUG - Decoded 17, consumed 1 bytes
[ 2024-08-23 10:45:08,346 ] hpack.hpack - DEBUG - Decoded (b'vary', b'Origin, Accept-Encoding'), total consumed 19 bytes, indexed True
[ 2024-08-23 10:45:08,347 ] hpack.hpack - DEBUG - Decoded 13, consumed 1 bytes
[ 2024-08-23 10:45:08,347 ] hpack.hpack - DEBUG - Decoded 1, consumed 1 bytes
[ 2024-08-23 10:45:08,347 ] hpack.hpack - DEBUG - Decoded (b'sb-gateway-version', <memory at 0x000001ECE651F280>), total consumed 17 bytes, indexed True
[ 2024-08-23 10:45:08,347 ] hpack.hpack - DEBUG - Decoded 55, consumed 1 bytes
[ 2024-08-23 10:45:08,347 ] hpack.hpack - DEBUG - Decoded 91, consumed 1 bytes
[ 2024-08-23 10:45:08,347 ] hpack.hpack - DEBUG - Decoded (b'set-cookie', b'sb-refresh-token=pi_AT9UY8P0JqESQHvIslQ; Path=/; Expires=Sat, 24 Aug 2024 05:15:08 GMT; Max-Age=86400; HttpOnly; Secure'), total consumed 93 bytes, indexed True
[ 2024-08-23 10:45:08,347 ] hpack.hpack - DEBUG - Decoded 21, consumed 1 bytes
[ 2024-08-23 10:45:08,347 ] hpack.hpack - DEBUG - Decoded 2, consumed 1 bytes
[ 2024-08-23 10:45:08,347 ] hpack.hpack - DEBUG - Decoded (b'x-envoy-upstream-service-time', b'107'), total consumed 26 bytes, indexed True
[ 2024-08-23 10:45:08,347 ] hpack.hpack - DEBUG - Decoded 54, consumed 1 bytes
[ 2024-08-23 10:45:08,347 ] hpack.hpack - DEBUG - Decoded 7, consumed 1 bytes
[ 2024-08-23 10:45:08,347 ] hpack.hpack - DEBUG - Decoded (b'server', b'cloudflare'), total consumed 9 bytes, indexed True
[ 2024-08-23 10:45:08,347 ] hpack.hpack - DEBUG - Decoded 26, consumed 1 bytes
[ 2024-08-23 10:45:08,347 ] hpack.hpack - DEBUG - Decoded 3, consumed 1 bytes
[ 2024-08-23 10:45:08,350 ] hpack.hpack - DEBUG - Decoded (b'content-encoding', b'gzip'), total consumed 5 bytes, indexed True
[ 2024-08-23 10:45:08,350 ] hpack.hpack - DEBUG - Decoded 5, consumed 1 bytes
[ 2024-08-23 10:45:08,350 ] hpack.hpack - DEBUG - Decoded 16, consumed 1 bytes
[ 2024-08-23 10:45:08,350 ] hpack.hpack - DEBUG - Decoded (b'alt-svc', b'h3=":443"; ma=86400'), total consumed 24 bytes, indexed True
[ 2024-08-23 10:45:08,350 ] httpcore.http2 - DEBUG - receive_response_headers.complete return_value=(200, [(b'date', b'Fri, 23 Aug 2024 05:15:08 GMT'), (b'content-type', b'application/json'), (b'cf-ray', b'8b789f7daffb46aa-BOM'), (b'cf-cache-status', b'DYNAMIC'), (b'set-cookie', b'sb-access-token=eyJhbGciOiJIUzI1NiIsImtpZCI6IjJ2L3VDZDliME1mM3lSYkUiLCJ0eXAiOiJKV1QifQ.eyJpc3MiOiJodHRwczovL3VjcGJ0bmlhcGlmZGRwc2lwdWtxLnN1cGFiYXNlLmNvL2F1dGgvdjEiLCJzdWIiOiJkZmE1YzQ3NC1mZmUwLTQwYmUtYjU0Ny1lZTZhMDQ3ZTc3YzgiLCJhdWQiOiJhdXRoZW50aWNhdGVkIiwiZXhwIjoxNzI0MzkzNzA4LCJpYXQiOjE3MjQzOTAxMDgsImVtYWlsIjoidmlrYWxwMDI2dmFyc2huZXlAZ21haWwuY29tIiwicGhvbmUiOiIiLCJhcHBfbWV0YWRhdGEiOnsicHJvdmlkZXIiOiJlbWFpbCIsInByb3ZpZGVycyI6WyJlbWFpbCJdfSwidXNlcl9tZXRhZGF0YSI6eyJlbWFpbCI6InZpa2FscDAyNnZhcnNobmV5QGdtYWlsLmNvbSIsImVtYWlsX3ZlcmlmaWVkIjpmYWxzZSwicGhvbmVfdmVyaWZpZWQiOmZhbHNlLCJzdWIiOiJkZmE1YzQ3NC1mZmUwLTQwYmUtYjU0Ny1lZTZhMDQ3ZTc3YzgifSwicm9sZSI6ImF1dGhlbnRpY2F0ZWQiLCJhYWwiOiJhYWwxIiwiYW1yIjpbeyJtZXRob2QiOiJwYXNzd29yZCIsInRpbWVzdGFtcCI6MTcyNDM5MDEwOH1dLCJzZXNzaW9uX2lkIjoiYWNiYTI1YjMtZWE2NS00NmRiLTkwN2MtMzk0MDg1Y2E5ODM4IiwiaXNfYW5vbnltb3VzIjpmYWxzZX0.Fft2e9I9U33IsZ-wCAJQJxLjG5bX9Le4I9xZhS3v0PY; Path=/; Expires=Sat, 24 Aug 2024 05:15:08 GMT; Max-Age=86400; HttpOnly; Secure'), (b'strict-transport-security', b'max-age=31536000; includeSubDomains'), (b'vary', b'Origin, Accept-Encoding'), (b'sb-gateway-version', b'1'), (b'set-cookie', b'sb-refresh-token=pi_AT9UY8P0JqESQHvIslQ; Path=/; Expires=Sat, 24 Aug 2024 05:15:08 GMT; Max-Age=86400; HttpOnly; Secure'), (b'x-envoy-upstream-service-time', b'107'), (b'server', b'cloudflare'), (b'content-encoding', b'gzip'), (b'alt-svc', b'h3=":443"; ma=86400')])
[ 2024-08-23 10:45:08,354 ] httpx - INFO - HTTP Request: POST https://ucpbtniapifddpsipukq.supabase.co/auth/v1/token?grant_type=password "HTTP/2 200 OK"
[ 2024-08-23 10:45:08,354 ] httpcore.http2 - DEBUG - receive_response_body.started request=<Request [b'POST']> stream_id=1
[ 2024-08-23 10:45:08,354 ] httpcore.http2 - DEBUG - receive_response_body.complete
[ 2024-08-23 10:45:08,354 ] httpcore.http2 - DEBUG - response_closed.started stream_id=1
[ 2024-08-23 10:45:08,354 ] httpcore.http2 - DEBUG - response_closed.complete
[ 2024-08-23 10:45:08,358 ] root - INFO - Login attempt for email: vikalp026varshney@gmail.com
[ 2024-08-23 10:45:08,362 ] werkzeug - INFO - 127.0.0.1 - - [23/Aug/2024 10:45:08] "[32mPOST /login HTTP/1.1[0m" 302 -
[ 2024-08-23 10:45:08,379 ] chat_app - INFO - Index route called
[ 2024-08-23 10:45:08,379 ] chat_app - INFO - User authenticated, rendering index.html
[ 2024-08-23 10:45:08,412 ] werkzeug - INFO - 127.0.0.1 - - [23/Aug/2024 10:45:08] "GET / HTTP/1.1" 200 -
[ 2024-08-23 10:45:08,459 ] werkzeug - INFO - 127.0.0.1 - - [23/Aug/2024 10:45:08] "[33mGET /static/chatbot.css HTTP/1.1[0m" 404 -
[ 2024-08-23 10:45:08,459 ] werkzeug - INFO - 127.0.0.1 - - [23/Aug/2024 10:45:08] "GET /static/style.css HTTP/1.1" 200 -
[ 2024-08-23 10:45:08,462 ] werkzeug - INFO - 127.0.0.1 - - [23/Aug/2024 10:45:08] "[33mGET /static/script.js HTTP/1.1[0m" 404 -
[ 2024-08-23 10:45:08,478 ] werkzeug - INFO - 127.0.0.1 - - [23/Aug/2024 10:45:08] "[33mGET /static/script.js HTTP/1.1[0m" 404 -
[ 2024-08-23 10:45:08,491 ] werkzeug - INFO - 127.0.0.1 - - [23/Aug/2024 10:45:08] "GET /static/vivi.png HTTP/1.1" 200 -
[ 2024-08-23 10:45:08,493 ] werkzeug - INFO - 127.0.0.1 - - [23/Aug/2024 10:45:08] "[36mGET /static/new_latest.jpg HTTP/1.1[0m" 304 -
[ 2024-08-23 10:45:08,500 ] werkzeug - INFO - 127.0.0.1 - - [23/Aug/2024 10:45:08] "[36mGET /static/2nd_his.jpg HTTP/1.1[0m" 304 -
[ 2024-08-23 10:45:08,502 ] werkzeug - INFO - 127.0.0.1 - - [23/Aug/2024 10:45:08] "[36mGET /static/chatbot.png HTTP/1.1[0m" 304 -
[ 2024-08-23 10:46:26,218 ] werkzeug - INFO - 127.0.0.1 - - [23/Aug/2024 10:46:26] "GET /login HTTP/1.1" 200 -
[ 2024-08-23 10:46:26,286 ] werkzeug - INFO - 127.0.0.1 - - [23/Aug/2024 10:46:26] "GET /static/loginform.css HTTP/1.1" 200 -
[ 2024-08-23 10:46:26,764 ] werkzeug - INFO - 127.0.0.1 - - [23/Aug/2024 10:46:26] "GET /static/google.png HTTP/1.1" 200 -
[ 2024-08-23 10:47:13,086 ] werkzeug - INFO -  * Detected change in 'D:\\VIVI_AI\\chat_app.py', reloading
