[ 2024-08-24 17:31:55,384 ] httpx - DEBUG - load_ssl_context verify=True cert=None trust_env=True http2=False
[ 2024-08-24 17:31:55,399 ] httpx - DEBUG - load_verify_locations cafile='D:\\VIVI_AI\\yogo\\Library\\ssl\\cacert.pem'
[ 2024-08-24 17:31:57,944 ] httpx - DEBUG - load_ssl_context verify=True cert=None trust_env=True http2=False
[ 2024-08-24 17:31:57,951 ] httpx - DEBUG - load_verify_locations cafile='D:\\VIVI_AI\\yogo\\Library\\ssl\\cacert.pem'
[ 2024-08-24 17:31:58,231 ] httpx - DEBUG - load_ssl_context verify=True cert=None trust_env=True http2=False
[ 2024-08-24 17:31:58,231 ] httpx - DEBUG - load_verify_locations cafile='D:\\VIVI_AI\\yogo\\Library\\ssl\\cacert.pem'
[ 2024-08-24 17:31:58,627 ] faiss.loader - DEBUG - Environment variable FAISS_OPT_LEVEL is not set, so let's pick the instruction set according to the current CPU
[ 2024-08-24 17:31:58,638 ] faiss.loader - INFO - Loading faiss with AVX2 support.
[ 2024-08-24 17:31:58,666 ] faiss.loader - INFO - Successfully loaded faiss with AVX2 support.
[ 2024-08-24 17:31:58,784 ] matplotlib - DEBUG - matplotlib data path: D:\VIVI_AI\yogo\Lib\site-packages\matplotlib\mpl-data
[ 2024-08-24 17:31:58,784 ] matplotlib - DEBUG - CONFIGDIR=C:\Users\PC\.matplotlib
[ 2024-08-24 17:31:58,784 ] matplotlib - DEBUG - interactive is False
[ 2024-08-24 17:31:58,784 ] matplotlib - DEBUG - platform is win32
[ 2024-08-24 17:31:58,849 ] matplotlib - DEBUG - CACHEDIR=C:\Users\PC\.matplotlib
[ 2024-08-24 17:31:58,865 ] matplotlib.font_manager - DEBUG - Using fontManager instance from C:\Users\PC\.matplotlib\fontlist-v390.json
[ 2024-08-24 17:31:59,564 ] matplotlib.pyplot - DEBUG - Loaded backend Agg version v2.2.
[ 2024-08-24 17:31:59,578 ] werkzeug - WARNING -  * Debugger is active!
[ 2024-08-24 17:31:59,597 ] werkzeug - INFO -  * Debugger PIN: 331-538-268
[ 2024-08-24 17:31:59,610 ] chat_app - INFO - Index route called
[ 2024-08-24 17:31:59,610 ] chat_app - INFO - No authenticated user found, redirecting to login
[ 2024-08-24 17:31:59,610 ] werkzeug - INFO - 127.0.0.1 - - [24/Aug/2024 17:31:59] "[32mGET / HTTP/1.1[0m" 302 -
[ 2024-08-24 17:31:59,637 ] werkzeug - INFO - 127.0.0.1 - - [24/Aug/2024 17:31:59] "GET /login HTTP/1.1" 200 -
[ 2024-08-24 17:31:59,784 ] werkzeug - INFO - 127.0.0.1 - - [24/Aug/2024 17:31:59] "GET /static/loginform.css HTTP/1.1" 200 -
[ 2024-08-24 17:31:59,796 ] werkzeug - INFO - 127.0.0.1 - - [24/Aug/2024 17:31:59] "GET /static/google.png HTTP/1.1" 200 -
[ 2024-08-24 17:32:04,606 ] httpcore.connection - DEBUG - connect_tcp.started host='ucpbtniapifddpsipukq.supabase.co' port=443 local_address=None timeout=5.0 socket_options=None
[ 2024-08-24 17:32:04,700 ] httpcore.connection - DEBUG - connect_tcp.complete return_value=<httpcore._backends.sync.SyncStream object at 0x000001B57F1FC050>
[ 2024-08-24 17:32:04,700 ] httpcore.connection - DEBUG - start_tls.started ssl_context=<ssl.SSLContext object at 0x000001B54AB299A0> server_hostname='ucpbtniapifddpsipukq.supabase.co' timeout=5.0
[ 2024-08-24 17:32:04,806 ] httpcore.connection - DEBUG - start_tls.complete return_value=<httpcore._backends.sync.SyncStream object at 0x000001B57EA9F350>
[ 2024-08-24 17:32:04,806 ] httpcore.http2 - DEBUG - send_connection_init.started request=<Request [b'POST']>
[ 2024-08-24 17:32:04,806 ] httpcore.http2 - DEBUG - send_connection_init.complete
[ 2024-08-24 17:32:04,806 ] httpcore.http2 - DEBUG - send_request_headers.started request=<Request [b'POST']> stream_id=1
[ 2024-08-24 17:32:04,806 ] hpack.hpack - DEBUG - Adding (b':method', b'POST') to the header table, sensitive:False, huffman:True
[ 2024-08-24 17:32:04,806 ] hpack.hpack - DEBUG - Encoding 3 with 7 bits
[ 2024-08-24 17:32:04,806 ] hpack.hpack - DEBUG - Adding (b':authority', b'ucpbtniapifddpsipukq.supabase.co') to the header table, sensitive:False, huffman:True
[ 2024-08-24 17:32:04,806 ] hpack.hpack - DEBUG - Encoding 1 with 6 bits
[ 2024-08-24 17:32:04,806 ] hpack.hpack - DEBUG - Encoding 23 with 7 bits
[ 2024-08-24 17:32:04,806 ] hpack.hpack - DEBUG - Adding (b':scheme', b'https') to the header table, sensitive:False, huffman:True
[ 2024-08-24 17:32:04,806 ] hpack.hpack - DEBUG - Encoding 7 with 7 bits
[ 2024-08-24 17:32:04,806 ] hpack.hpack - DEBUG - Adding (b':path', b'/auth/v1/token?grant_type=password') to the header table, sensitive:False, huffman:True
[ 2024-08-24 17:32:04,806 ] hpack.hpack - DEBUG - Encoding 4 with 6 bits
[ 2024-08-24 17:32:04,806 ] hpack.hpack - DEBUG - Encoding 25 with 7 bits
[ 2024-08-24 17:32:04,806 ] hpack.hpack - DEBUG - Adding (b'accept', b'*/*') to the header table, sensitive:False, huffman:True
[ 2024-08-24 17:32:04,806 ] hpack.hpack - DEBUG - Encoding 19 with 6 bits
[ 2024-08-24 17:32:04,806 ] hpack.hpack - DEBUG - Encoding 3 with 7 bits
[ 2024-08-24 17:32:04,806 ] hpack.hpack - DEBUG - Adding (b'accept-encoding', b'gzip, deflate') to the header table, sensitive:False, huffman:True
[ 2024-08-24 17:32:04,806 ] hpack.hpack - DEBUG - Encoding 16 with 7 bits
[ 2024-08-24 17:32:04,810 ] hpack.hpack - DEBUG - Adding (b'user-agent', b'python-httpx/0.27.0') to the header table, sensitive:False, huffman:True
[ 2024-08-24 17:32:04,810 ] hpack.hpack - DEBUG - Encoding 58 with 6 bits
[ 2024-08-24 17:32:04,810 ] hpack.hpack - DEBUG - Encoding 14 with 7 bits
[ 2024-08-24 17:32:04,810 ] hpack.hpack - DEBUG - Adding (b'x-client-info', b'supabase-py/2.7.2') to the header table, sensitive:False, huffman:True
[ 2024-08-24 17:32:04,810 ] hpack.hpack - DEBUG - Encoding 10 with 7 bits
[ 2024-08-24 17:32:04,810 ] hpack.hpack - DEBUG - Encoding 12 with 7 bits
[ 2024-08-24 17:32:04,810 ] hpack.hpack - DEBUG - Adding (b'apikey', b'eyJhbGciOiJIUzI1NiIsInR5cCI6IkpXVCJ9.eyJpc3MiOiJzdXBhYmFzZSIsInJlZiI6InVjcGJ0bmlhcGlmZGRwc2lwdWtxIiwicm9sZSI6ImFub24iLCJpYXQiOjE3MjM4MzE2NzQsImV4cCI6MjAzOTQwNzY3NH0.OScT9H0GnEsZYiV8wg2aBFwGAKUCRjOi9LhrzSn2R_w') to the header table, sensitive:False, huffman:True
[ 2024-08-24 17:32:04,810 ] hpack.hpack - DEBUG - Encoding 5 with 7 bits
[ 2024-08-24 17:32:04,810 ] hpack.hpack - DEBUG - Encoding 167 with 7 bits
[ 2024-08-24 17:32:04,810 ] hpack.hpack - DEBUG - Adding (b'authorization', b'Bearer eyJhbGciOiJIUzI1NiIsInR5cCI6IkpXVCJ9.eyJpc3MiOiJzdXBhYmFzZSIsInJlZiI6InVjcGJ0bmlhcGlmZGRwc2lwdWtxIiwicm9sZSI6ImFub24iLCJpYXQiOjE3MjM4MzE2NzQsImV4cCI6MjAzOTQwNzY3NH0.OScT9H0GnEsZYiV8wg2aBFwGAKUCRjOi9LhrzSn2R_w') to the header table, sensitive:True, huffman:True
[ 2024-08-24 17:32:04,810 ] hpack.hpack - DEBUG - Encoding 23 with 4 bits
[ 2024-08-24 17:32:04,810 ] hpack.hpack - DEBUG - Encoding 172 with 7 bits
[ 2024-08-24 17:32:04,810 ] hpack.hpack - DEBUG - Adding (b'x-supabase-api-version', b'2024-01-01') to the header table, sensitive:False, huffman:True
[ 2024-08-24 17:32:04,810 ] hpack.hpack - DEBUG - Encoding 16 with 7 bits
[ 2024-08-24 17:32:04,810 ] hpack.hpack - DEBUG - Encoding 7 with 7 bits
[ 2024-08-24 17:32:04,810 ] hpack.hpack - DEBUG - Adding (b'content-type', b'application/json;charset=UTF-8') to the header table, sensitive:False, huffman:True
[ 2024-08-24 17:32:04,810 ] hpack.hpack - DEBUG - Encoding 31 with 6 bits
[ 2024-08-24 17:32:04,810 ] hpack.hpack - DEBUG - Encoding 22 with 7 bits
[ 2024-08-24 17:32:04,810 ] hpack.hpack - DEBUG - Adding (b'content-length', b'130') to the header table, sensitive:False, huffman:True
[ 2024-08-24 17:32:04,810 ] hpack.hpack - DEBUG - Encoding 28 with 6 bits
[ 2024-08-24 17:32:04,810 ] hpack.hpack - DEBUG - Encoding 2 with 7 bits
[ 2024-08-24 17:32:04,810 ] hpack.hpack - DEBUG - Encoded header block to b"\x83A\x97\xb4\x95\xc6\x9a\x8c:\xcd,\x92V\x83Wo^\xcb\xa2\xda\xc7\x18\xd0U\xc8\x7f\x87D\x99`v\xa6v;\x85\x84\x9f\xa9j\xff&\xb0u&$\xfa\xac\xb0V4#\xc1\xec\x93S\x83\xf9c\xe7\x90z\x8e\xaf\xd2g=KN\x94\xd7\xe5\x80.'W\x07@\x8a\xf2\xb1(1jJ\xc6\xaaS\xff\x8cE\xb5\x8e1\xa0\xabW\xe9\x81.\xea\xe2@\x85\x1df\xea__\xff(/\xac\xb3\xc7\x88\x86\xd4l\xb98{\xc8\x1d&\xc8\x8c\x95ml\x97\xb29\x93\xad\x7f\x9coe}r\xfa\xcbY\x19\xd0mF\xcb\xeeO\xcb\xb3\xf3\xa7\x0f\xbf\xdd\xd9\x11\x92\xac\xb4~\x9b#\x99*\xe3\xd0\x98\xb2\x82:h\x9c\x98\xa8\xa7\xf7\x16\xdf\x04\x15\x1e$\xe4\x9f9\r\xe0\xc4\xa5\xf4~\xee\xc8\xe6Jp\xdb\x18\x9a6{\xd9k\xe7\xf9\xb0\xda\xba`gGM\rh\xf7\x80Z}\xecFJx\xb4K\xd9\x1c\xd1\xd2\x1fz\xb7\xec\xf1\xa7\xdf6t\xe3\x02\xfa\xb7\x13{\xf8\xc1\x8a\xac\x08\xfd\xe6n/x\x98C\xbb\x87\xc6(sp\xbd\xb7\xa6\xa3?\x9e{=\xee\xa8[b\xf1\x1f\x08\xff-\xbaQ\xd8[\x14/\xac\xb3\xc7\x88\x86\xd4l\xb98{\xc8\x1d&\xc8\x8c\x95ml\x97\xb29\x93\xad\x7f\x9coe}r\xfa\xcbY\x19\xd0mF\xcb\xeeO\xcb\xb3\xf3\xa7\x0f\xbf\xdd\xd9\x11\x92\xac\xb4~\x9b#\x99*\xe3\xd0\x98\xb2\x82:h\x9c\x98\xa8\xa7\xf7\x16\xdf\x04\x15\x1e$\xe4\x9f9\r\xe0\xc4\xa5\xf4~\xee\xc8\xe6Jp\xdb\x18\x9a6{\xd9k\xe7\xf9\xb0\xda\xba`gGM\rh\xf7\x80Z}\xecFJx\xb4K\xd9\x1c\xd1\xd2\x1fz\xb7\xec\xf1\xa7\xdf6t\xe3\x02\xfa\xb7\x13{\xf8\xc1\x8a\xac\x08\xfd\xe6n/x\x98C\xbb\x87\xc6(sp\xbd\xb7\xa6\xa3?\x9e{=\xee\xa8[b\xf1@\x90\xf2\xb2-\xacq\x8d\x05Xu\x99n\xe5\xb1\x06=_\x87\x10\x04\xd2\xc0\n\xc0\x0f_\x96\x1du\xd0b\r&=LtA\xea\xfb$\xe3\xb1\x05L\x1c7\xe1Y\xef\\\x82\x0b "
[ 2024-08-24 17:32:04,810 ] httpcore.http2 - DEBUG - send_request_headers.complete
[ 2024-08-24 17:32:04,810 ] httpcore.http2 - DEBUG - send_request_body.started request=<Request [b'POST']> stream_id=1
[ 2024-08-24 17:32:04,810 ] httpcore.http2 - DEBUG - send_request_body.complete
[ 2024-08-24 17:32:04,810 ] httpcore.http2 - DEBUG - receive_response_headers.started request=<Request [b'POST']> stream_id=1
[ 2024-08-24 17:32:04,876 ] httpcore.http2 - DEBUG - receive_remote_settings.started
[ 2024-08-24 17:32:04,877 ] httpcore.http2 - DEBUG - receive_remote_settings.complete return_value=<RemoteSettingsChanged changed_settings:{ChangedSetting(setting=3, original_value=None, new_value=100), ChangedSetting(setting=4, original_value=65535, new_value=65536), ChangedSetting(setting=5, original_value=16384, new_value=16777215)}>
[ 2024-08-24 17:32:05,989 ] hpack.hpack - DEBUG - Decoding b'?\xe1\x1f\x88a\x96\xdc4\xfd(&\x94\x86\xd9\x94\x10\x04\xd2\x81\x15\xc0\n\xe0\x1dS\x16\x8d\xff_\x8b\x1du\xd0b\r&=LtA\xea@\x85$\xabX?_\x8fz7\x99d \x11\x06\xf8\xdat@Z\xee\xad\x1f@\x8a$\xab\x10d\x9c\xab!#M\xa8\x86\xbf\xcfL:2^w\xff\x8f\x05Dk\x0c\x84*\x10\xb2O\xd4\xb5@_Yg\x8f\x11\r\xa8\xd9rp\xf7\x90:M\x91\x19)M\x7f\xb7\xb29\x93\xa6Qgg\x8d\xff\xdb\xf4\x1bF\x00\xd3\xa1\x9a7s\xeb\xc0\xd9\xefe\x01\x7f!6\xa3e\xcd\xc4;\r.\xc5\xcb\xeb-dgA\xb5\x1b)\xe4\xc7\xb7\xc1=\x9f\xbevx\xf4&,\xa0\x8e\x9a\'&*)\xfd\xc5\xb7\xc1\x05G\x899\'\xcez\xb4\x84\x98\xb0\x9b\x9f\xe6\x9a3\xd3\xa7\xbeqa\x0c\x98\xa6\xef\'L\x06\xcf{/\xb99d6\xa3e\xeb\xfbN\x00\xf3\xf7\xb1\x9d7\x83O\xed<<g\xdf\xb3\xc7:x\'\x9fN\x00\xd3\xe84~\xef\xfd\x9fE\xfd\x8c\xfe\xef#<\xfd\xccl\xf7\xb2\xcf\'-\x86\xd4l\xb3\xc9\xf9\xb4\xff\xbc\x9b\x00\xf9i\x9eL\\z\xe47\x83~\xfeO\xe3\'C\xf9\xd3\xef 4\xef\x84\x1aw\xe4\x16{\xd9k\xe7\xf9\xb0\xda\xba`gGM\x81\xd1~\x16\xf4t\xe6\x8c\x94\xf1O>T#\'C\x9aJh\xb3\x9f/>4_\xc8))\xc3\xe8\x82\x9e\xdf\xdf\xca!\xfd\x10g\x1f/\x16\xf3\x13\xe9\xc8o\x06&)\xfb\xc7O\x03j6Cg\xbd\x96rc\xbb,|\xb8\x83\x9f-\xb3\xc9\x8b\x01\xb5T\x83\x13\x1e^\xf2SG_\xdf\xcc\x86\xd4l\xb4G\xcb\rq\xde\xc8\x8c\x95]\xf5\x1b?\xb5\xfe\xe2\xe3\xe8\x9e\xb29\xcb\xd6Z#\xe5\x86\xb8\xefe\x92]\xde\r\'\xe6\x9a\tC\xe9\xfd\xfc\xdb?\xee, \xe7\xbb#\x85\xf5\x96\x88\xf9a\xae;\xd9\x1c\xc9W\xedc\x16\x14\x12\xfc>\xb4\xd5\xfb9*\xd2x\xe9\xe2\xde\xccR\'\x9f*\x11\x9e\x9d=\xe3\xdd\x91\x19)\xe2\x9e|\xa8G\xe3?\xb4\x12\x9a)\x1f.=rt\xae\x9e|\xbc\xfb\xfd\xdd\xe0\xc4\xc5?x\xe9\xe3,\x94\xf1\xf4>_\xb5\xfe\xf2\xd8mT\xfe\xcf\x1e=4g\xbd\x97\xdc\x9c\xb2\x1bQ\xb2\xf5\xfd\xa7\x00y\xfb\xd8\xce\x9b\xc1\xa7\xf6\x9e\x1e3\xef\xd9\xe3\x9d<\x13\xcf\xa7\x00i\xf4\x1a?w\xfe\xcf\xa2\xfe\xc6\x7fw\x91\x9e~\xe64\xbb\xbc\x18\x94\xbe\x8f\xdd\xd9\x1c\xc9N\x10\xc9\x8az#\xabm|\xc5\x84\x1f\xbc\xb6\x1b=\xec\xb3\xf3\xe5\xe0\xda\x8d\x96~|\xbcy\xc8o\x06\xe7\xc8>\xb2t\xae2\xfa\xca\x9f\xdf\xcd\xa7\x8c[\r\xa8\xd9|s\xfc\xd3\xeeA?\xeb\xf6\xf6Dd\xabmq\xf2\xe3\xeeLXRK\xd9\x1c\xd1\xbc\x9e\xb4\xdf\xe1\xe3E\xfe\xbe\xb4\xd4\x193\xde\xcb\xef\xf7\xf3O\xb1\xf2~\xdf\xc1Q\xd7\'C\x9b\x9d<h\xe6,\x1e4_\xe0\x9e|\xb07\xa2\xf0\x01\xab\x96\x00\xe7\xe5\x91\xbf\xdc\\\xd3\xcc\\\xc1\xcf\x96\xc0~\xf4\xea\xde\x9e\\=d7\x83\x0f\xf3L\xbc\xf97\xde:\xa8Ll\xf1\xf7\x93\xa5t\xf3\xe5\xe7\xdf\xef\xe0\x17~\xac\xa8\xcc\xdb\xde\x1aw\x82\xdd8;S9\xa5\xdf\xfb\xbeF\xf4\xc5?\x9d\x99\'{S\x8f\xf2\xf2\x01e\x16\xfe\xbfjk\x1ag\x81\x8f\xb50y\xac\xd6\x15\x10n\xb6\xaf\xa5\x04\xda\x90\xdb2\x82\x00\x9aP"\xb8\x01\\\x03\x8ab\xd1\xbf\xedM\x03\xf2\xb43\x16\x07\x9ch\x00\xfbS\x1aS^\xaa\xa8\xf5\xf6\xa6\xe2\x92\xdb\x0bx\x9a\xa4~V\x1c\xc5\x81\x90\xb6\xcb\x80\x00>\xd45D\xa2\xd9\x0b\xba\xd8\xef\x9e\x91\x9a\xa4\x7f{\x91\xd5a\xa65_JBB\x16\xb4\xad\x82\xa2\x1eCU7@\x8dDkL4\x97\xc0\xfd-\xdc\xb6 \xc7\xab\x011w\xdaDkXYl*\'Y\'\xeaZ\xa0gVGaZ\xeb\xe2~v\xda\x92\xa9M:qK\x0f\xda\x9a\xc6\x99\xe0c\xedL\x1ek5\x85D\x1b\xad\xab\xe9A6\xa46\xcc\xa0\x80&\x94\x08\xae\x00W\x00\xe2\x98\xb4o\xfbS@\xfc\xad\x0c\xc5\x81\xe7\x1a\x00>\xd4\xc6\x94\xd7\xaa\xaa=}\xa9\xb8\xa4\xb6\xc2\xff@\x95\xf2\xb1j\xee\x7fK[Z\x13aGJ\xc8-\x9d\xccB\xac\x93R_\x82\x08\x1fv\x87%\x07\xb6Ih\x1d\x85Z\x83\x9b\xd9\xab@\x85\x1d\tY\x1d\xc9\x90\x9d\x98?\x9b\x8d4\xcf\xf3\xf6\xa5#\x81\xe7\x1a\x00?'
[ 2024-08-24 17:32:05,989 ] hpack.hpack - DEBUG - Decoded 4096, consumed 3 bytes
[ 2024-08-24 17:32:05,989 ] hpack.table - DEBUG - Resizing header table to 4096 from 4096
[ 2024-08-24 17:32:05,989 ] hpack.hpack - DEBUG - Decoded 8, consumed 1 bytes
[ 2024-08-24 17:32:05,996 ] hpack.hpack - DEBUG - Decoded (b':status', b'200'), consumed 1
[ 2024-08-24 17:32:05,996 ] hpack.hpack - DEBUG - Decoded 33, consumed 1 bytes
[ 2024-08-24 17:32:05,997 ] hpack.hpack - DEBUG - Decoded 22, consumed 1 bytes
[ 2024-08-24 17:32:05,997 ] hpack.hpack - DEBUG - Decoded (b'date', b'Sat, 24 Aug 2024 12:02:07 GMT'), total consumed 24 bytes, indexed True
[ 2024-08-24 17:32:05,997 ] hpack.hpack - DEBUG - Decoded 31, consumed 1 bytes
[ 2024-08-24 17:32:05,997 ] hpack.hpack - DEBUG - Decoded 11, consumed 1 bytes
[ 2024-08-24 17:32:05,997 ] hpack.hpack - DEBUG - Decoded (b'content-type', b'application/json'), total consumed 13 bytes, indexed True
[ 2024-08-24 17:32:05,997 ] hpack.hpack - DEBUG - Decoded 5, consumed 1 bytes
[ 2024-08-24 17:32:05,997 ] hpack.hpack - DEBUG - Decoded 15, consumed 1 bytes
[ 2024-08-24 17:32:05,997 ] hpack.hpack - DEBUG - Decoded (b'cf-ray', b'8b833102ca9a4720-BOM'), total consumed 23 bytes, indexed True
[ 2024-08-24 17:32:05,997 ] hpack.hpack - DEBUG - Decoded 10, consumed 1 bytes
[ 2024-08-24 17:32:05,997 ] hpack.hpack - DEBUG - Decoded 6, consumed 1 bytes
[ 2024-08-24 17:32:05,997 ] hpack.hpack - DEBUG - Decoded (b'cf-cache-status', b'DYNAMIC'), total consumed 19 bytes, indexed True
[ 2024-08-24 17:32:05,997 ] hpack.hpack - DEBUG - Decoded 55, consumed 1 bytes
[ 2024-08-24 17:32:05,997 ] hpack.hpack - DEBUG - Decoded 782, consumed 3 bytes
[ 2024-08-24 17:32:05,997 ] hpack.hpack - DEBUG - Decoded (b'set-cookie', b'sb-access-token=eyJhbGciOiJIUzI1NiIsImtpZCI6IjJ2L3VDZDliME1mM3lSYkUiLCJ0eXAiOiJKV1QifQ.eyJpc3MiOiJodHRwczovL3VjcGJ0bmlhcGlmZGRwc2lwdWtxLnN1cGFiYXNlLmNvL2F1dGgvdjEiLCJzdWIiOiJkZmE1YzQ3NC1mZmUwLTQwYmUtYjU0Ny1lZTZhMDQ3ZTc3YzgiLCJhdWQiOiJhdXRoZW50aWNhdGVkIiwiZXhwIjoxNzI0NTA0NTI2LCJpYXQiOjE3MjQ1MDA5MjYsImVtYWlsIjoidmlrYWxwMDI2dmFyc2huZXlAZ21haWwuY29tIiwicGhvbmUiOiIiLCJhcHBfbWV0YWRhdGEiOnsicHJvdmlkZXIiOiJlbWFpbCIsInByb3ZpZGVycyI6WyJlbWFpbCJdfSwidXNlcl9tZXRhZGF0YSI6eyJlbWFpbCI6InZpa2FscDAyNnZhcnNobmV5QGdtYWlsLmNvbSIsImVtYWlsX3ZlcmlmaWVkIjpmYWxzZSwicGhvbmVfdmVyaWZpZWQiOmZhbHNlLCJzdWIiOiJkZmE1YzQ3NC1mZmUwLTQwYmUtYjU0Ny1lZTZhMDQ3ZTc3YzgifSwicm9sZSI6ImF1dGhlbnRpY2F0ZWQiLCJhYWwiOiJhYWwxIiwiYW1yIjpbeyJtZXRob2QiOiJwYXNzd29yZCIsInRpbWVzdGFtcCI6MTcyNDUwMDkyNn1dLCJzZXNzaW9uX2lkIjoiYmVlY2EwMDUtYWE5MC00OWE1LWI5ZGYtY2Y0YWQ0Zjk5NWUyIiwiaXNfYW5vbnltb3VzIjpmYWxzZX0.9nJsK58w47U-jU7n3KfTZTd5N_hxQIh8O69Wx02J2Tk; Path=/; Expires=Sun, 25 Aug 2024 12:02:06 GMT; Max-Age=86400; HttpOnly; Secure'), total consumed 786 bytes, indexed True
[ 2024-08-24 17:32:05,997 ] hpack.hpack - DEBUG - Decoded 56, consumed 1 bytes
[ 2024-08-24 17:32:05,997 ] hpack.hpack - DEBUG - Decoded 26, consumed 1 bytes
[ 2024-08-24 17:32:05,997 ] hpack.hpack - DEBUG - Decoded (b'strict-transport-security', b'max-age=31536000; includeSubDomains'), total consumed 28 bytes, indexed True
[ 2024-08-24 17:32:05,997 ] hpack.hpack - DEBUG - Decoded 59, consumed 1 bytes
[ 2024-08-24 17:32:05,997 ] hpack.hpack - DEBUG - Decoded 17, consumed 1 bytes
[ 2024-08-24 17:32:05,997 ] hpack.hpack - DEBUG - Decoded (b'vary', b'Origin, Accept-Encoding'), total consumed 19 bytes, indexed True
[ 2024-08-24 17:32:05,997 ] hpack.hpack - DEBUG - Decoded 13, consumed 1 bytes
[ 2024-08-24 17:32:05,997 ] hpack.hpack - DEBUG - Decoded 1, consumed 1 bytes
[ 2024-08-24 17:32:05,997 ] hpack.hpack - DEBUG - Decoded (b'sb-gateway-version', <memory at 0x000001B57F4BF400>), total consumed 17 bytes, indexed True
[ 2024-08-24 17:32:05,997 ] hpack.hpack - DEBUG - Decoded 55, consumed 1 bytes
[ 2024-08-24 17:32:05,997 ] hpack.hpack - DEBUG - Decoded 90, consumed 1 bytes
[ 2024-08-24 17:32:05,997 ] hpack.hpack - DEBUG - Decoded (b'set-cookie', b'sb-refresh-token=3OI7A-B929h54dnfihtGfA; Path=/; Expires=Sun, 25 Aug 2024 12:02:06 GMT; Max-Age=86400; HttpOnly; Secure'), total consumed 92 bytes, indexed True
[ 2024-08-24 17:32:05,997 ] hpack.hpack - DEBUG - Decoded 21, consumed 1 bytes
[ 2024-08-24 17:32:05,997 ] hpack.hpack - DEBUG - Decoded 2, consumed 1 bytes
[ 2024-08-24 17:32:05,997 ] hpack.hpack - DEBUG - Decoded (b'x-envoy-upstream-service-time', b'109'), total consumed 26 bytes, indexed True
[ 2024-08-24 17:32:05,997 ] hpack.hpack - DEBUG - Decoded 54, consumed 1 bytes
[ 2024-08-24 17:32:05,997 ] hpack.hpack - DEBUG - Decoded 7, consumed 1 bytes
[ 2024-08-24 17:32:05,997 ] hpack.hpack - DEBUG - Decoded (b'server', b'cloudflare'), total consumed 9 bytes, indexed True
[ 2024-08-24 17:32:05,997 ] hpack.hpack - DEBUG - Decoded 26, consumed 1 bytes
[ 2024-08-24 17:32:05,997 ] hpack.hpack - DEBUG - Decoded 3, consumed 1 bytes
[ 2024-08-24 17:32:05,997 ] hpack.hpack - DEBUG - Decoded (b'content-encoding', b'gzip'), total consumed 5 bytes, indexed True
[ 2024-08-24 17:32:05,997 ] hpack.hpack - DEBUG - Decoded 5, consumed 1 bytes
[ 2024-08-24 17:32:06,005 ] hpack.hpack - DEBUG - Decoded 16, consumed 1 bytes
[ 2024-08-24 17:32:06,005 ] hpack.hpack - DEBUG - Decoded (b'alt-svc', b'h3=":443"; ma=86400'), total consumed 24 bytes, indexed True
[ 2024-08-24 17:32:06,005 ] httpcore.http2 - DEBUG - receive_response_headers.complete return_value=(200, [(b'date', b'Sat, 24 Aug 2024 12:02:07 GMT'), (b'content-type', b'application/json'), (b'cf-ray', b'8b833102ca9a4720-BOM'), (b'cf-cache-status', b'DYNAMIC'), (b'set-cookie', b'sb-access-token=eyJhbGciOiJIUzI1NiIsImtpZCI6IjJ2L3VDZDliME1mM3lSYkUiLCJ0eXAiOiJKV1QifQ.eyJpc3MiOiJodHRwczovL3VjcGJ0bmlhcGlmZGRwc2lwdWtxLnN1cGFiYXNlLmNvL2F1dGgvdjEiLCJzdWIiOiJkZmE1YzQ3NC1mZmUwLTQwYmUtYjU0Ny1lZTZhMDQ3ZTc3YzgiLCJhdWQiOiJhdXRoZW50aWNhdGVkIiwiZXhwIjoxNzI0NTA0NTI2LCJpYXQiOjE3MjQ1MDA5MjYsImVtYWlsIjoidmlrYWxwMDI2dmFyc2huZXlAZ21haWwuY29tIiwicGhvbmUiOiIiLCJhcHBfbWV0YWRhdGEiOnsicHJvdmlkZXIiOiJlbWFpbCIsInByb3ZpZGVycyI6WyJlbWFpbCJdfSwidXNlcl9tZXRhZGF0YSI6eyJlbWFpbCI6InZpa2FscDAyNnZhcnNobmV5QGdtYWlsLmNvbSIsImVtYWlsX3ZlcmlmaWVkIjpmYWxzZSwicGhvbmVfdmVyaWZpZWQiOmZhbHNlLCJzdWIiOiJkZmE1YzQ3NC1mZmUwLTQwYmUtYjU0Ny1lZTZhMDQ3ZTc3YzgifSwicm9sZSI6ImF1dGhlbnRpY2F0ZWQiLCJhYWwiOiJhYWwxIiwiYW1yIjpbeyJtZXRob2QiOiJwYXNzd29yZCIsInRpbWVzdGFtcCI6MTcyNDUwMDkyNn1dLCJzZXNzaW9uX2lkIjoiYmVlY2EwMDUtYWE5MC00OWE1LWI5ZGYtY2Y0YWQ0Zjk5NWUyIiwiaXNfYW5vbnltb3VzIjpmYWxzZX0.9nJsK58w47U-jU7n3KfTZTd5N_hxQIh8O69Wx02J2Tk; Path=/; Expires=Sun, 25 Aug 2024 12:02:06 GMT; Max-Age=86400; HttpOnly; Secure'), (b'strict-transport-security', b'max-age=31536000; includeSubDomains'), (b'vary', b'Origin, Accept-Encoding'), (b'sb-gateway-version', b'1'), (b'set-cookie', b'sb-refresh-token=3OI7A-B929h54dnfihtGfA; Path=/; Expires=Sun, 25 Aug 2024 12:02:06 GMT; Max-Age=86400; HttpOnly; Secure'), (b'x-envoy-upstream-service-time', b'109'), (b'server', b'cloudflare'), (b'content-encoding', b'gzip'), (b'alt-svc', b'h3=":443"; ma=86400')])
[ 2024-08-24 17:32:06,005 ] httpx - INFO - HTTP Request: POST https://ucpbtniapifddpsipukq.supabase.co/auth/v1/token?grant_type=password "HTTP/2 200 OK"
[ 2024-08-24 17:32:06,005 ] httpcore.http2 - DEBUG - receive_response_body.started request=<Request [b'POST']> stream_id=1
[ 2024-08-24 17:32:06,005 ] httpcore.http2 - DEBUG - receive_response_body.complete
[ 2024-08-24 17:32:06,012 ] httpcore.http2 - DEBUG - response_closed.started stream_id=1
[ 2024-08-24 17:32:06,012 ] httpcore.http2 - DEBUG - response_closed.complete
[ 2024-08-24 17:32:06,015 ] root - INFO - Login attempt for email: vikalp026varshney@gmail.com
[ 2024-08-24 17:32:06,015 ] werkzeug - INFO - 127.0.0.1 - - [24/Aug/2024 17:32:06] "[32mPOST /login HTTP/1.1[0m" 302 -
[ 2024-08-24 17:32:06,027 ] chat_app - INFO - Index route called
[ 2024-08-24 17:32:06,027 ] chat_app - INFO - User authenticated, rendering index.html
[ 2024-08-24 17:32:06,052 ] werkzeug - INFO - 127.0.0.1 - - [24/Aug/2024 17:32:06] "GET / HTTP/1.1" 200 -
[ 2024-08-24 17:32:06,105 ] werkzeug - INFO - 127.0.0.1 - - [24/Aug/2024 17:32:06] "GET /static/style.css HTTP/1.1" 200 -
[ 2024-08-24 17:32:06,109 ] werkzeug - INFO - 127.0.0.1 - - [24/Aug/2024 17:32:06] "[33mGET /static/chatbot.css HTTP/1.1[0m" 404 -
[ 2024-08-24 17:32:06,119 ] werkzeug - INFO - 127.0.0.1 - - [24/Aug/2024 17:32:06] "[33mGET /static/script.js HTTP/1.1[0m" 404 -
[ 2024-08-24 17:32:06,135 ] werkzeug - INFO - 127.0.0.1 - - [24/Aug/2024 17:32:06] "GET /static/vivi.png HTTP/1.1" 200 -
[ 2024-08-24 17:32:06,135 ] werkzeug - INFO - 127.0.0.1 - - [24/Aug/2024 17:32:06] "GET /static/new_latest.jpg HTTP/1.1" 200 -
[ 2024-08-24 17:32:06,140 ] werkzeug - INFO - 127.0.0.1 - - [24/Aug/2024 17:32:06] "[36mGET /static/2nd_his.jpg HTTP/1.1[0m" 304 -
[ 2024-08-24 17:32:06,144 ] werkzeug - INFO - 127.0.0.1 - - [24/Aug/2024 17:32:06] "[36mGET /static/chatbot.png HTTP/1.1[0m" 304 -
[ 2024-08-24 17:32:08,035 ] werkzeug - INFO - 127.0.0.1 - - [24/Aug/2024 17:32:08] "GET /research HTTP/1.1" 200 -
[ 2024-08-24 17:32:08,069 ] werkzeug - INFO - 127.0.0.1 - - [24/Aug/2024 17:32:08] "GET /static/style_research.css HTTP/1.1" 200 -
[ 2024-08-24 17:32:08,092 ] werkzeug - INFO - 127.0.0.1 - - [24/Aug/2024 17:32:08] "[36mGET /static/vivi.png HTTP/1.1[0m" 304 -
[ 2024-08-24 17:32:08,096 ] werkzeug - INFO - 127.0.0.1 - - [24/Aug/2024 17:32:08] "[36mGET /static/chatbot.png HTTP/1.1[0m" 304 -
[ 2024-08-24 17:32:08,101 ] werkzeug - INFO - 127.0.0.1 - - [24/Aug/2024 17:32:08] "GET /static/1st_his.jpg HTTP/1.1" 200 -
[ 2024-08-24 17:32:08,101 ] werkzeug - INFO - 127.0.0.1 - - [24/Aug/2024 17:32:08] "GET /static/508-icon.png HTTP/1.1" 200 -
[ 2024-08-24 17:32:12,045 ] werkzeug - INFO - 127.0.0.1 - - [24/Aug/2024 17:32:12] "GET /graphs HTTP/1.1" 200 -
[ 2024-08-24 17:32:13,607 ] werkzeug - INFO - 127.0.0.1 - - [24/Aug/2024 17:32:13] "GET /research HTTP/1.1" 200 -
[ 2024-08-24 17:32:13,633 ] werkzeug - INFO - 127.0.0.1 - - [24/Aug/2024 17:32:13] "[36mGET /static/style_research.css HTTP/1.1[0m" 304 -
[ 2024-08-24 17:32:13,650 ] werkzeug - INFO - 127.0.0.1 - - [24/Aug/2024 17:32:13] "[36mGET /static/vivi.png HTTP/1.1[0m" 304 -
[ 2024-08-24 17:32:13,650 ] werkzeug - INFO - 127.0.0.1 - - [24/Aug/2024 17:32:13] "[36mGET /static/1st_his.jpg HTTP/1.1[0m" 304 -
[ 2024-08-24 17:32:13,658 ] werkzeug - INFO - 127.0.0.1 - - [24/Aug/2024 17:32:13] "[36mGET /static/chatbot.png HTTP/1.1[0m" 304 -
[ 2024-08-24 17:32:13,660 ] werkzeug - INFO - 127.0.0.1 - - [24/Aug/2024 17:32:13] "[36mGET /static/508-icon.png HTTP/1.1[0m" 304 -
[ 2024-08-24 17:32:26,202 ] werkzeug - INFO -  * Detected change in 'D:\\VIVI_AI\\chat_app.py', reloading
